{"failedCount":1,"prefixedPath":"src\/test\/java\/tests\/post.feature","packageQualifiedName":"src.test.java.tests.post","loopIndex":-1,"relativePath":"src\/test\/java\/tests\/post.feature","scenarioResults":[{"sectionIndex":0,"stepResults":[{"result":{"nanos":71910000,"millis":71.91,"status":"passed"},"step":{"line":4,"prefix":"Given","index":0,"text":"url 'https:\/\/reqres.in\/api\/users'"}},{"result":{"nanos":19373100,"errorMessage":">>>> js failed:\n01: request{\"name\": \"morpheus\",\"job\": \"leader\"}\n<<<<\norg.graalvm.polyglot.PolyglotException: SyntaxError: Unnamed:1:7 Expected ; but found {\r\nrequest{\"name\": \"morpheus\",\"job\": \"leader\"}\r\n       ^\n\n- org.graalvm.polyglot.Context.eval(Context.java:373)\n- com.intuit.karate.graal.JsEngine.evalForValue(JsEngine.java:124)\n- com.intuit.karate.graal.JsEngine.eval(JsEngine.java:120)\n- com.intuit.karate.core.ScenarioEngine.evalJs(ScenarioEngine.java:1246)\n- com.intuit.karate.ScenarioActions.eval(ScenarioActions.java:374)\n- java.base\/jdk.internal.reflect.NativeMethodAccessorImpl.invoke0(Native Method)\n- java.base\/jdk.internal.reflect.NativeMethodAccessorImpl.invoke(NativeMethodAccessorImpl.java:77)\n\nsrc\/test\/java\/tests\/post.feature:5","millis":19.3731,"status":"failed"},"step":{"line":5,"prefix":"And","index":1,"text":"request{\"name\": \"morpheus\",\"job\": \"leader\"}"},"stepLog":"16:32:04.168 src\/test\/java\/tests\/post.feature:5\nAnd request{\"name\": \"morpheus\",\"job\": \"leader\"}\n>>>> js failed:\n01: request{\"name\": \"morpheus\",\"job\": \"leader\"}\n<<<<\norg.graalvm.polyglot.PolyglotException: SyntaxError: Unnamed:1:7 Expected ; but found {\r\nrequest{\"name\": \"morpheus\",\"job\": \"leader\"}\r\n       ^\n\n- org.graalvm.polyglot.Context.eval(Context.java:373)\n- com.intuit.karate.graal.JsEngine.evalForValue(JsEngine.java:124)\n- com.intuit.karate.graal.JsEngine.eval(JsEngine.java:120)\n- com.intuit.karate.core.ScenarioEngine.evalJs(ScenarioEngine.java:1246)\n- com.intuit.karate.ScenarioActions.eval(ScenarioActions.java:374)\n- java.base\/jdk.internal.reflect.NativeMethodAccessorImpl.invoke0(Native Method)\n- java.base\/jdk.internal.reflect.NativeMethodAccessorImpl.invoke(NativeMethodAccessorImpl.java:77)\n\nsrc\/test\/java\/tests\/post.feature:5\n"},{"result":{"nanos":0,"millis":0.0,"status":"skipped"},"step":{"line":6,"prefix":"When","index":2,"text":"Post method"}},{"result":{"nanos":0,"millis":0.0,"status":"skipped"},"step":{"line":7,"prefix":"Then","index":3,"text":"status 201"}},{"result":{"nanos":0,"millis":0.0,"status":"skipped"},"step":{"line":8,"prefix":"And","index":4,"text":"print response"}}],"line":2,"description":"","durationMillis":91.2831,"failed":true,"error":">>>> js failed:\n01: request{\"name\": \"morpheus\",\"job\": \"leader\"}\n<<<<\norg.graalvm.polyglot.PolyglotException: SyntaxError: Unnamed:1:7 Expected ; but found {\r\nrequest{\"name\": \"morpheus\",\"job\": \"leader\"}\r\n       ^\n\n- org.graalvm.polyglot.Context.eval(Context.java:373)\n- com.intuit.karate.graal.JsEngine.evalForValue(JsEngine.java:124)\n- com.intuit.karate.graal.JsEngine.eval(JsEngine.java:120)\n- com.intuit.karate.core.ScenarioEngine.evalJs(ScenarioEngine.java:1246)\n- com.intuit.karate.ScenarioActions.eval(ScenarioActions.java:374)\n- java.base\/jdk.internal.reflect.NativeMethodAccessorImpl.invoke0(Native Method)\n- java.base\/jdk.internal.reflect.NativeMethodAccessorImpl.invoke(NativeMethodAccessorImpl.java:77)\n\nsrc\/test\/java\/tests\/post.feature:5","executorName":"main","name":"Post Demo 1","startTime":1702913524065,"refId":"[1:2]","endTime":1702913524168,"exampleIndex":-1}],"callDepth":0,"name":"Post API Demo","description":"","resultDate":"2023-12-18 04:32:04 PM","durationMillis":91.2831,"passedCount":0}