<?xml version="1.0" encoding="UTF-8"?>
<testsuite xmlns:xsi="http://www.w3.org/2001/XMLSchema-instance" xsi:noNamespaceSchemaLocation="https://maven.apache.org/surefire/maven-surefire-plugin/xsd/surefire-test-report-3.0.xsd" version="3.0" name="tests.TestRunner" time="11.737" tests="16" errors="2" skipped="0" failures="0">
  <properties>
[...]
</properties>
  <testcase name="[1:8] Config Author Demo" classname="[tests/configDemo] Config Demo" time="0.033">
    <system-out><![CDATA[02:27:53.676 [main] DEBUG com.intuit.karate.Suite - [config] classpath:karate-config.js
02:27:55.801 [main] INFO com.intuit.karate - Given:  null 
02:27:55.880 [main] INFO com.intuit.karate - [print] Deepesh Darshan 
]]></system-out>
  </testcase>
  <testcase name="[2:12] Config Get Demo 1" classname="[tests/configDemo] Config Demo" time="2.018">
    <system-out><![CDATA[02:27:55.901 [main] INFO com.intuit.karate - Given:  null 
02:27:56.995 [main] DEBUG karate.org.apache.http.client.protocol.RequestAddCookies - CookieSpec selected: karate
02:27:57.005 [main] DEBUG karate.org.apache.http.client.protocol.RequestAuthCache - Auth cache not set in the context
02:27:57.009 [main] DEBUG com.intuit.karate - request:
1 > GET https://reqres.in/api/users?page=2
1 > Accept: application/json
1 > Host: reqres.in
1 > Connection: Keep-Alive
1 > User-Agent: Apache-HttpClient/4.5.13 (Java/11.0.18)
1 > Accept-Encoding: gzip,deflate


02:27:57.012 [main] DEBUG karate.org.apache.http.impl.conn.PoolingHttpClientConnectionManager - Connection request: [route: {s}->https://reqres.in:443][total available: 0; route allocated: 0 of 5; total allocated: 0 of 10]
02:27:57.028 [main] DEBUG karate.org.apache.http.impl.conn.PoolingHttpClientConnectionManager - Connection leased: [id: 0][route: {s}->https://reqres.in:443][total available: 0; route allocated: 1 of 5; total allocated: 1 of 10]
02:27:57.030 [main] DEBUG karate.org.apache.http.impl.execchain.MainClientExec - Opening connection {s}->https://reqres.in:443
02:27:57.075 [main] DEBUG karate.org.apache.http.impl.conn.DefaultHttpClientConnectionOperator - Connecting to reqres.in/104.26.10.213:443
02:27:57.075 [main] DEBUG karate.org.apache.http.conn.ssl.SSLConnectionSocketFactory - Connecting socket to reqres.in/104.26.10.213:443 with timeout 5000
02:27:57.164 [main] DEBUG karate.org.apache.http.conn.ssl.SSLConnectionSocketFactory - Enabled protocols: [TLSv1.3, TLSv1.2]
02:27:57.165 [main] DEBUG karate.org.apache.http.conn.ssl.SSLConnectionSocketFactory - Enabled cipher suites:[TLS_AES_256_GCM_SHA384, TLS_AES_128_GCM_SHA256, TLS_CHACHA20_POLY1305_SHA256, TLS_ECDHE_ECDSA_WITH_AES_256_GCM_SHA384, TLS_ECDHE_ECDSA_WITH_AES_128_GCM_SHA256, TLS_ECDHE_ECDSA_WITH_CHACHA20_POLY1305_SHA256, TLS_ECDHE_RSA_WITH_AES_256_GCM_SHA384, TLS_ECDHE_RSA_WITH_CHACHA20_POLY1305_SHA256, TLS_ECDHE_RSA_WITH_AES_128_GCM_SHA256, TLS_DHE_RSA_WITH_AES_256_GCM_SHA384, TLS_DHE_RSA_WITH_CHACHA20_POLY1305_SHA256, TLS_DHE_DSS_WITH_AES_256_GCM_SHA384, TLS_DHE_RSA_WITH_AES_128_GCM_SHA256, TLS_DHE_DSS_WITH_AES_128_GCM_SHA256, TLS_ECDHE_ECDSA_WITH_AES_256_CBC_SHA384, TLS_ECDHE_RSA_WITH_AES_256_CBC_SHA384, TLS_ECDHE_ECDSA_WITH_AES_128_CBC_SHA256, TLS_ECDHE_RSA_WITH_AES_128_CBC_SHA256, TLS_DHE_RSA_WITH_AES_256_CBC_SHA256, TLS_DHE_DSS_WITH_AES_256_CBC_SHA256, TLS_DHE_RSA_WITH_AES_128_CBC_SHA256, TLS_DHE_DSS_WITH_AES_128_CBC_SHA256, TLS_ECDH_ECDSA_WITH_AES_256_GCM_SHA384, TLS_ECDH_RSA_WITH_AES_256_GCM_SHA384, TLS_ECDH_ECDSA_WITH_AES_128_GCM_SHA256, TLS_ECDH_RSA_WITH_AES_128_GCM_SHA256, TLS_ECDH_ECDSA_WITH_AES_256_CBC_SHA384, TLS_ECDH_RSA_WITH_AES_256_CBC_SHA384, TLS_ECDH_ECDSA_WITH_AES_128_CBC_SHA256, TLS_ECDH_RSA_WITH_AES_128_CBC_SHA256, TLS_ECDHE_ECDSA_WITH_AES_256_CBC_SHA, TLS_ECDHE_RSA_WITH_AES_256_CBC_SHA, TLS_ECDHE_ECDSA_WITH_AES_128_CBC_SHA, TLS_ECDHE_RSA_WITH_AES_128_CBC_SHA, TLS_DHE_RSA_WITH_AES_256_CBC_SHA, TLS_DHE_DSS_WITH_AES_256_CBC_SHA, TLS_DHE_RSA_WITH_AES_128_CBC_SHA, TLS_DHE_DSS_WITH_AES_128_CBC_SHA, TLS_ECDH_ECDSA_WITH_AES_256_CBC_SHA, TLS_ECDH_RSA_WITH_AES_256_CBC_SHA, TLS_ECDH_ECDSA_WITH_AES_128_CBC_SHA, TLS_ECDH_RSA_WITH_AES_128_CBC_SHA, TLS_RSA_WITH_AES_256_GCM_SHA384, TLS_RSA_WITH_AES_128_GCM_SHA256, TLS_RSA_WITH_AES_256_CBC_SHA256, TLS_RSA_WITH_AES_128_CBC_SHA256, TLS_RSA_WITH_AES_256_CBC_SHA, TLS_RSA_WITH_AES_128_CBC_SHA, TLS_EMPTY_RENEGOTIATION_INFO_SCSV]
02:27:57.165 [main] DEBUG karate.org.apache.http.conn.ssl.SSLConnectionSocketFactory - Starting handshake
02:27:57.624 [main] DEBUG karate.org.apache.http.conn.ssl.SSLConnectionSocketFactory - Secure session established
02:27:57.634 [main] DEBUG karate.org.apache.http.conn.ssl.SSLConnectionSocketFactory -  negotiated protocol: TLSv1.3
02:27:57.637 [main] DEBUG karate.org.apache.http.conn.ssl.SSLConnectionSocketFactory -  negotiated cipher suite: TLS_AES_256_GCM_SHA384
02:27:57.640 [main] DEBUG karate.org.apache.http.conn.ssl.SSLConnectionSocketFactory -  peer principal: CN=sni.cloudflaressl.com, O="Cloudflare, Inc.", L=San Francisco, ST=California, C=US
02:27:57.641 [main] DEBUG karate.org.apache.http.conn.ssl.SSLConnectionSocketFactory -  peer alternative names: [reqres.in, *.reqres.in, sni.cloudflaressl.com]
02:27:57.641 [main] DEBUG karate.org.apache.http.conn.ssl.SSLConnectionSocketFactory -  issuer principal: CN=Cloudflare Inc ECC CA-3, O="Cloudflare, Inc.", C=US
02:27:57.698 [main] DEBUG karate.org.apache.http.impl.conn.DefaultHttpClientConnectionOperator - Connection established 192.168.100.7:60698<->104.26.10.213:443
02:27:57.699 [main] DEBUG karate.org.apache.http.impl.conn.DefaultManagedHttpClientConnection - http-outgoing-0: set socket timeout to 5000
02:27:57.699 [main] DEBUG karate.org.apache.http.impl.execchain.MainClientExec - Executing request GET /api/users?page=2 HTTP/1.1
02:27:57.699 [main] DEBUG karate.org.apache.http.impl.execchain.MainClientExec - Target auth state: UNCHALLENGED
02:27:57.700 [main] DEBUG karate.org.apache.http.impl.execchain.MainClientExec - Proxy auth state: UNCHALLENGED
02:27:57.701 [main] DEBUG karate.org.apache.http.headers - http-outgoing-0 >> GET /api/users?page=2 HTTP/1.1
02:27:57.701 [main] DEBUG karate.org.apache.http.headers - http-outgoing-0 >> Accept: application/json
02:27:57.701 [main] DEBUG karate.org.apache.http.headers - http-outgoing-0 >> Host: reqres.in
02:27:57.702 [main] DEBUG karate.org.apache.http.headers - http-outgoing-0 >> Connection: Keep-Alive
02:27:57.702 [main] DEBUG karate.org.apache.http.headers - http-outgoing-0 >> User-Agent: Apache-HttpClient/4.5.13 (Java/11.0.18)
02:27:57.702 [main] DEBUG karate.org.apache.http.headers - http-outgoing-0 >> Accept-Encoding: gzip,deflate
02:27:57.702 [main] DEBUG karate.org.apache.http.wire - http-outgoing-0 >> "GET /api/users?page=2 HTTP/1.1[\r][\n]"
02:27:57.702 [main] DEBUG karate.org.apache.http.wire - http-outgoing-0 >> "Accept: application/json[\r][\n]"
02:27:57.703 [main] DEBUG karate.org.apache.http.wire - http-outgoing-0 >> "Host: reqres.in[\r][\n]"
02:27:57.703 [main] DEBUG karate.org.apache.http.wire - http-outgoing-0 >> "Connection: Keep-Alive[\r][\n]"
02:27:57.703 [main] DEBUG karate.org.apache.http.wire - http-outgoing-0 >> "User-Agent: Apache-HttpClient/4.5.13 (Java/11.0.18)[\r][\n]"
02:27:57.703 [main] DEBUG karate.org.apache.http.wire - http-outgoing-0 >> "Accept-Encoding: gzip,deflate[\r][\n]"
02:27:57.703 [main] DEBUG karate.org.apache.http.wire - http-outgoing-0 >> "[\r][\n]"
02:27:57.809 [main] DEBUG karate.org.apache.http.wire - http-outgoing-0 << "HTTP/1.1 200 OK[\r][\n]"
02:27:57.809 [main] DEBUG karate.org.apache.http.wire - http-outgoing-0 << "Date: Mon, 25 Dec 2023 01:27:57 GMT[\r][\n]"
02:27:57.809 [main] DEBUG karate.org.apache.http.wire - http-outgoing-0 << "Content-Type: application/json; charset=utf-8[\r][\n]"
02:27:57.809 [main] DEBUG karate.org.apache.http.wire - http-outgoing-0 << "Transfer-Encoding: chunked[\r][\n]"
02:27:57.809 [main] DEBUG karate.org.apache.http.wire - http-outgoing-0 << "Connection: keep-alive[\r][\n]"
02:27:57.809 [main] DEBUG karate.org.apache.http.wire - http-outgoing-0 << "Report-To: {"group":"heroku-nel","max_age":3600,"endpoints":[{"url":"https://nel.heroku.com/reports?ts=1703261626&sid=c4c9725f-1ab0-44d8-820f-430df2718e11&s=Yt145hweO7BzEl1oOf7Lnh6UHnZ2CYGh97j4vHptXP0%3D"}]}[\r][\n]"
02:27:57.810 [main] DEBUG karate.org.apache.http.wire - http-outgoing-0 << "Reporting-Endpoints: heroku-nel=https://nel.heroku.com/reports?ts=1703261626&sid=c4c9725f-1ab0-44d8-820f-430df2718e11&s=Yt145hweO7BzEl1oOf7Lnh6UHnZ2CYGh97j4vHptXP0%3D[\r][\n]"
02:27:57.810 [main] DEBUG karate.org.apache.http.wire - http-outgoing-0 << "Nel: {"report_to":"heroku-nel","max_age":3600,"success_fraction":0.005,"failure_fraction":0.05,"response_headers":["Via"]}[\r][\n]"
02:27:57.810 [main] DEBUG karate.org.apache.http.wire - http-outgoing-0 << "X-Powered-By: Express[\r][\n]"
02:27:57.810 [main] DEBUG karate.org.apache.http.wire - http-outgoing-0 << "Access-Control-Allow-Origin: *[\r][\n]"
02:27:57.810 [main] DEBUG karate.org.apache.http.wire - http-outgoing-0 << "Etag: W/"406-ut0vzoCuidvyMf8arZpMpJ6ZRDw"[\r][\n]"
02:27:57.810 [main] DEBUG karate.org.apache.http.wire - http-outgoing-0 << "Via: 1.1 vegur[\r][\n]"
02:27:57.810 [main] DEBUG karate.org.apache.http.wire - http-outgoing-0 << "Cache-Control: max-age=14400[\r][\n]"
02:27:57.810 [main] DEBUG karate.org.apache.http.wire - http-outgoing-0 << "CF-Cache-Status: REVALIDATED[\r][\n]"
02:27:57.810 [main] DEBUG karate.org.apache.http.wire - http-outgoing-0 << "Vary: Accept-Encoding[\r][\n]"
02:27:57.810 [main] DEBUG karate.org.apache.http.wire - http-outgoing-0 << "Server: cloudflare[\r][\n]"
02:27:57.810 [main] DEBUG karate.org.apache.http.wire - http-outgoing-0 << "CF-RAY: 83ad4df9083a41be-MRS[\r][\n]"
02:27:57.810 [main] DEBUG karate.org.apache.http.wire - http-outgoing-0 << "Content-Encoding: gzip[\r][\n]"
02:27:57.810 [main] DEBUG karate.org.apache.http.wire - http-outgoing-0 << "[\r][\n]"
02:27:57.810 [main] DEBUG karate.org.apache.http.wire - http-outgoing-0 << "17b[\r][\n]"
02:27:57.811 [main] DEBUG karate.org.apache.http.wire - http-outgoing-0 << "[0x1f][0x8b][0x8][0x0][0x0][0x0][0x0][0x0][0x0][0x3][0x8d][0xd2][0xcd]n[0xa3]0[0x14][0x86][0xe1][q[0xcf]l](Y[0xf4][0xc7][0xab][0xaa][0xd2][0xcc]t[0xd1]n[0xa2][0xd9]U[0xa3][0xea][0x4][0xe][0xe0][0xd6][0xd8][0xee][0xb1]i[0xa6][0x8a]r[0xef]UM4T[0x88]D[0xec][0x0][0xbf][0x1f]z[0x84][0xd8][0x81][0xc7][0x86]@[0xad]$x[0xe2][0xe7][0xe1][0xe6]RBt[0x11][\r][0xa8]bu[0xb8]L'!u[0x15]F[0x4][0xf5][0xb4][0x3]][0x81][0xba][0x92]@[0x1d]j[0x3][\n]"
02:27:57.811 [main] DEBUG karate.org.apache.http.wire - http-outgoing-0 << ":][0xb6]H&3[0xb8][\r][0xce][0xde]2[0xbd]1[0x85]L[[0x90]Pk[0xe][0xf1][0xd9]bG[0xa0][0xe0]q[0xe8]@[0x82][0xc1][0xf1][0xe9]CZ[0x81][0x4]|[0xc7][0x88][0xc][\n]"
02:27:57.811 [main] DEBUG karate.org.apache.http.wire - http-outgoing-0 << "[0xda][0x18]}Py[0xfe][0xff]E[0xb9][0xee][0x9a][0xbc][0xc6][0x92]B~u[0xae];l({[0xf1][\r][0xec][0xe5]@[0xb9][0x1e])F[0xdb]*[0xe0]GV[0x13]7[0xfd]I[0xcc][0xc3]PN0[0xbf][0xe][0xbb][0xa5][0x9c][0xeb][0x19][0xce][0xcd][0xc8][0x89]n[0xa3]1duo_[0xe9]8[0xe5]O[0xaa][0xa6][0x92][0xaf][0xcd]R[0xc6][0xcd][0xc][0xa3][0xb8][0x18][0x1d][0x9b][0xf]v6[0xab]5[0x99]*[0x1c]w[0xdc]}USF[0xda],u[0x14][0x17]s[0x90]b[0x84]4[0xe4][0xb8][0xa1][0x8c][0xaa]-[0xf2])[0xca][0xef][0xd4]M,?[0x87][0xd5]bL1[0x87]Y[0x8d][0x18][0xc6][0xb2]%[0x93][0xb5]nK[0xc6][0x1c][0xb7][0xac]S6[0xb1][0xdc][0xa7][0xd1]b[0xca][0xea];[0xe5][0xaf][0x84][0xd0]{[0xef]8[0x82][0xda]A[0xcf]fv[0xfd][0xe3][0xd0][0x9c][0xb7][0x84][0x95][0xb6][\r]H[0x88][0xf4]/[0xa6][0xff]E[0xbc][0x12]y[0xb1][0xa6][0xb7]5[0x5]Q3[0x91][0x14][0xa5][0xb3][0x91][0xf5][0xa6][0x8f][0xda][0xd9] [0xa2]K[0x9f]J[0x4][0xe2]wbQ[0xba][0x10][0x83]@&[0x81][0xde]3[0x95][0x1a]#Ug[0xb0][0xdf][0x2][0xf6][0x16][0x88]W[0x6][0x4][0x0][0x0][\r][\n]"
02:27:57.814 [main] DEBUG karate.org.apache.http.headers - http-outgoing-0 << HTTP/1.1 200 OK
02:27:57.814 [main] DEBUG karate.org.apache.http.headers - http-outgoing-0 << Date: Mon, 25 Dec 2023 01:27:57 GMT
02:27:57.814 [main] DEBUG karate.org.apache.http.headers - http-outgoing-0 << Content-Type: application/json; charset=utf-8
02:27:57.814 [main] DEBUG karate.org.apache.http.headers - http-outgoing-0 << Transfer-Encoding: chunked
02:27:57.814 [main] DEBUG karate.org.apache.http.headers - http-outgoing-0 << Connection: keep-alive
02:27:57.814 [main] DEBUG karate.org.apache.http.headers - http-outgoing-0 << Report-To: {"group":"heroku-nel","max_age":3600,"endpoints":[{"url":"https://nel.heroku.com/reports?ts=1703261626&sid=c4c9725f-1ab0-44d8-820f-430df2718e11&s=Yt145hweO7BzEl1oOf7Lnh6UHnZ2CYGh97j4vHptXP0%3D"}]}
02:27:57.814 [main] DEBUG karate.org.apache.http.headers - http-outgoing-0 << Reporting-Endpoints: heroku-nel=https://nel.heroku.com/reports?ts=1703261626&sid=c4c9725f-1ab0-44d8-820f-430df2718e11&s=Yt145hweO7BzEl1oOf7Lnh6UHnZ2CYGh97j4vHptXP0%3D
02:27:57.814 [main] DEBUG karate.org.apache.http.headers - http-outgoing-0 << Nel: {"report_to":"heroku-nel","max_age":3600,"success_fraction":0.005,"failure_fraction":0.05,"response_headers":["Via"]}
02:27:57.814 [main] DEBUG karate.org.apache.http.headers - http-outgoing-0 << X-Powered-By: Express
02:27:57.814 [main] DEBUG karate.org.apache.http.headers - http-outgoing-0 << Access-Control-Allow-Origin: *
02:27:57.814 [main] DEBUG karate.org.apache.http.headers - http-outgoing-0 << Etag: W/"406-ut0vzoCuidvyMf8arZpMpJ6ZRDw"
02:27:57.814 [main] DEBUG karate.org.apache.http.headers - http-outgoing-0 << Via: 1.1 vegur
02:27:57.814 [main] DEBUG karate.org.apache.http.headers - http-outgoing-0 << Cache-Control: max-age=14400
02:27:57.815 [main] DEBUG karate.org.apache.http.headers - http-outgoing-0 << CF-Cache-Status: REVALIDATED
02:27:57.815 [main] DEBUG karate.org.apache.http.headers - http-outgoing-0 << Vary: Accept-Encoding
02:27:57.815 [main] DEBUG karate.org.apache.http.headers - http-outgoing-0 << Server: cloudflare
02:27:57.815 [main] DEBUG karate.org.apache.http.headers - http-outgoing-0 << CF-RAY: 83ad4df9083a41be-MRS
02:27:57.815 [main] DEBUG karate.org.apache.http.headers - http-outgoing-0 << Content-Encoding: gzip
02:27:57.820 [main] DEBUG karate.org.apache.http.impl.execchain.MainClientExec - Connection can be kept alive indefinitely
02:27:57.882 [main] DEBUG com.intuit.karate - response time in milliseconds: 816
1 < 200
1 < Date: Mon, 25 Dec 2023 01:27:57 GMT
1 < Content-Type: application/json; charset=utf-8
1 < Transfer-Encoding: chunked
1 < Connection: keep-alive
1 < Report-To: {"group":"heroku-nel","max_age":3600,"endpoints":[{"url":"https://nel.heroku.com/reports?ts=1703261626&sid=c4c9725f-1ab0-44d8-820f-430df2718e11&s=Yt145hweO7BzEl1oOf7Lnh6UHnZ2CYGh97j4vHptXP0%3D"}]}
1 < Reporting-Endpoints: heroku-nel=https://nel.heroku.com/reports?ts=1703261626&sid=c4c9725f-1ab0-44d8-820f-430df2718e11&s=Yt145hweO7BzEl1oOf7Lnh6UHnZ2CYGh97j4vHptXP0%3D
1 < Nel: {"report_to":"heroku-nel","max_age":3600,"success_fraction":0.005,"failure_fraction":0.05,"response_headers":["Via"]}
1 < X-Powered-By: Express
1 < Access-Control-Allow-Origin: *
1 < Etag: W/"406-ut0vzoCuidvyMf8arZpMpJ6ZRDw"
1 < Via: 1.1 vegur
1 < Cache-Control: max-age=14400
1 < CF-Cache-Status: REVALIDATED
1 < Vary: Accept-Encoding
1 < Server: cloudflare
1 < CF-RAY: 83ad4df9083a41be-MRS
{"per_page":6,"total":12,"data":[{"last_name":"Lawson","id":7,"avatar":"https:\/\/reqres.in\/img\/faces\/7-image.jpg","first_name":"Michael","email":"michael.lawson@reqres.in"},{"last_name":"Ferguson","id":8,"avatar":"https:\/\/reqres.in\/img\/faces\/8-image.jpg","first_name":"Lindsay","email":"lindsay.ferguson@reqres.in"},{"last_name":"Funke","id":9,"avatar":"https:\/\/reqres.in\/img\/faces\/9-image.jpg","first_name":"Tobias","email":"tobias.funke@reqres.in"},{"last_name":"Fields","id":10,"avatar":"https:\/\/reqres.in\/img\/faces\/10-image.jpg","first_name":"Byron","email":"byron.fields@reqres.in"},{"last_name":"Edwards","id":11,"avatar":"https:\/\/reqres.in\/img\/faces\/11-image.jpg","first_name":"George","email":"george.edwards@reqres.in"},{"last_name":"Howell","id":12,"avatar":"https:\/\/reqres.in\/img\/faces\/12-image.jpg","first_name":"Rachel","email":"rachel.howell@reqres.in"}],"page":2,"total_pages":2,"support":{"text":"To keep ReqRes free, contributions towards server costs are appreciated!","url":"https:\/\/reqres.in\/#support-heading"}}
02:27:57.897 [main] INFO com.intuit.karate - [print] {
  "per_page": 6,
  "total": 12,
  "data": [
    {
      "last_name": "Lawson",
      "id": 7,
      "avatar": "https://reqres.in/img/faces/7-image.jpg",
      "first_name": "Michael",
      "email": "michael.lawson@reqres.in"
    },
    {
      "last_name": "Ferguson",
      "id": 8,
      "avatar": "https://reqres.in/img/faces/8-image.jpg",
      "first_name": "Lindsay",
      "email": "lindsay.ferguson@reqres.in"
    },
    {
      "last_name": "Funke",
      "id": 9,
      "avatar": "https://reqres.in/img/faces/9-image.jpg",
      "first_name": "Tobias",
      "email": "tobias.funke@reqres.in"
    },
    {
      "last_name": "Fields",
      "id": 10,
      "avatar": "https://reqres.in/img/faces/10-image.jpg",
      "first_name": "Byron",
      "email": "byron.fields@reqres.in"
    },
    {
      "last_name": "Edwards",
      "id": 11,
      "avatar": "https://reqres.in/img/faces/11-image.jpg",
      "first_name": "George",
      "email": "george.edwards@reqres.in"
    },
    {
      "last_name": "Howell",
      "id": 12,
      "avatar": "https://reqres.in/img/faces/12-image.jpg",
      "first_name": "Rachel",
      "email": "rachel.howell@reqres.in"
    }
  ],
  "page": 2,
  "total_pages": 2,
  "support": {
    "text": "To keep ReqRes free, contributions towards server costs are appreciated!",
    "url": "https://reqres.in/#support-heading"
  }
}
 
]]></system-out>
  </testcase>
  <testcase name="[1:3] DELETE demo1" classname="[tests/delete] DELETE API Demo" time="0.448">
    <system-out><![CDATA[02:27:58.022 [main] DEBUG karate.org.thymeleaf.TemplateEngine - [THYMELEAF] INITIALIZING TEMPLATE ENGINE
02:27:58.282 [main] DEBUG karate.org.thymeleaf.TemplateEngine.CONFIG - Initializing Thymeleaf Template engine configuration...
[THYMELEAF] TEMPLATE ENGINE CONFIGURATION:
[THYMELEAF] * Thymeleaf version: 3.0.12.RELEASE (built 2020-12-21T00:26:28+0000)
[THYMELEAF] * Cache Manager implementation: karate.org.thymeleaf.cache.StandardCacheManager
[THYMELEAF] * Template resolvers:
[THYMELEAF]     * [0] com.intuit.karate.template.ResourceHtmlTemplateResolver
[THYMELEAF] * Message resolvers:
[THYMELEAF]     * karate.org.thymeleaf.messageresolver.StandardMessageResolver
[THYMELEAF] * Link builders:
[THYMELEAF]     * karate.org.thymeleaf.linkbuilder.StandardLinkBuilder
[THYMELEAF] * Dialect [1 of 2]: Standard (com.intuit.karate.template.KarateStandardDialect)
[THYMELEAF]     * Prefix: "th"
[THYMELEAF]     * Processors for Template Mode: HTML
[THYMELEAF]         * Element Tag Processors by [matching element and attribute name] [precedence]:
[THYMELEAF]             * [* {th:include,data-th-include}] [100]: karate.org.thymeleaf.standard.processor.StandardIncludeTagProcessor
[THYMELEAF]             * [* {th:insert,data-th-insert}] [100]: karate.org.thymeleaf.standard.processor.StandardInsertTagProcessor
[THYMELEAF]             * [* {th:replace,data-th-replace}] [100]: karate.org.thymeleaf.standard.processor.StandardReplaceTagProcessor
[THYMELEAF]             * [* {th:substituteby,data-th-substituteby}] [100]: karate.org.thymeleaf.standard.processor.StandardSubstituteByTagProcessor
[THYMELEAF]             * [* {th:each,data-th-each}] [200]: com.intuit.karate.template.KarateEachTagProcessor
[THYMELEAF]             * [* {th:each,data-th-each}] [200]: com.intuit.karate.template.KarateEachTagProcessor
[THYMELEAF]             * [* {th:each,data-th-each}] [200]: com.intuit.karate.template.KarateEachTagProcessor
[THYMELEAF]             * [* {th:each,data-th-each}] [200]: com.intuit.karate.template.KarateEachTagProcessor
[THYMELEAF]             * [* {th:each,data-th-each}] [200]: com.intuit.karate.template.KarateEachTagProcessor
[THYMELEAF]             * [* {th:switch,data-th-switch}] [250]: karate.org.thymeleaf.standard.processor.StandardSwitchTagProcessor
[THYMELEAF]             * [* {th:case,data-th-case}] [275]: karate.org.thymeleaf.standard.processor.StandardCaseTagProcessor
[THYMELEAF]             * [* {th:if,data-th-if}] [300]: karate.org.thymeleaf.standard.processor.StandardIfTagProcessor
[THYMELEAF]             * [* {th:unless,data-th-unless}] [400]: karate.org.thymeleaf.standard.processor.StandardUnlessTagProcessor
[THYMELEAF]             * [* {th:object,data-th-object}] [500]: karate.org.thymeleaf.standard.processor.StandardObjectTagProcessor
[THYMELEAF]             * [* {th:with,data-th-with}] [600]: karate.org.thymeleaf.standard.processor.StandardWithTagProcessor
[THYMELEAF]             * [* {th:attr,data-th-attr}] [700]: karate.org.thymeleaf.standard.processor.StandardAttrTagProcessor
[THYMELEAF]             * [* {th:attrprepend,data-th-attrprepend}] [800]: karate.org.thymeleaf.standard.processor.StandardAttrprependTagProcessor
[THYMELEAF]             * [* {th:attrappend,data-th-attrappend}] [900]: karate.org.thymeleaf.standard.processor.StandardAttrappendTagProcessor
[THYMELEAF]             * [* {th:alt-title,data-th-alt-title}] [990]: karate.org.thymeleaf.standard.processor.StandardAltTitleTagProcessor
[THYMELEAF]             * [* {th:lang-xmllang,data-th-lang-xmllang}] [990]: karate.org.thymeleaf.standard.processor.StandardLangXmlLangTagProcessor
[THYMELEAF]             * [* {th:action,data-th-action}] [1000]: karate.org.thymeleaf.standard.processor.StandardActionTagProcessor
[THYMELEAF]             * [* {th:disabled,data-th-disabled}] [1000]: karate.org.thymeleaf.standard.processor.StandardConditionalFixedValueTagProcessor
[THYMELEAF]             * [* {th:nowrap,data-th-nowrap}] [1000]: karate.org.thymeleaf.standard.processor.StandardConditionalFixedValueTagProcessor
[THYMELEAF]             * [* {th:pubdate,data-th-pubdate}] [1000]: karate.org.thymeleaf.standard.processor.StandardConditionalFixedValueTagProcessor
[THYMELEAF]             * [* {th:defer,data-th-defer}] [1000]: karate.org.thymeleaf.standard.processor.StandardConditionalFixedValueTagProcessor
[THYMELEAF]             * [* {th:selected,data-th-selected}] [1000]: karate.org.thymeleaf.standard.processor.StandardConditionalFixedValueTagProcessor
[THYMELEAF]             * [* {th:autoplay,data-th-autoplay}] [1000]: karate.org.thymeleaf.standard.processor.StandardConditionalFixedValueTagProcessor
[THYMELEAF]             * [* {th:open,data-th-open}] [1000]: karate.org.thymeleaf.standard.processor.StandardConditionalFixedValueTagProcessor
[THYMELEAF]             * [* {th:seamless,data-th-seamless}] [1000]: karate.org.thymeleaf.standard.processor.StandardConditionalFixedValueTagProcessor
[THYMELEAF]             * [* {th:novalidate,data-th-novalidate}] [1000]: karate.org.thymeleaf.standard.processor.StandardConditionalFixedValueTagProcessor
[THYMELEAF]             * [* {th:async,data-th-async}] [1000]: karate.org.thymeleaf.standard.processor.StandardConditionalFixedValueTagProcessor
[THYMELEAF]             * [* {th:formnovalidate,data-th-formnovalidate}] [1000]: karate.org.thymeleaf.standard.processor.StandardConditionalFixedValueTagProcessor
[THYMELEAF]             * [* {th:readonly,data-th-readonly}] [1000]: karate.org.thymeleaf.standard.processor.StandardConditionalFixedValueTagProcessor
[THYMELEAF]             * [* {th:declare,data-th-declare}] [1000]: karate.org.thymeleaf.standard.processor.StandardConditionalFixedValueTagProcessor
[THYMELEAF]             * [* {th:multiple,data-th-multiple}] [1000]: karate.org.thymeleaf.standard.processor.StandardConditionalFixedValueTagProcessor
[THYMELEAF]             * [* {th:loop,data-th-loop}] [1000]: karate.org.thymeleaf.standard.processor.StandardConditionalFixedValueTagProcessor
[THYMELEAF]             * [* {th:default,data-th-default}] [1000]: karate.org.thymeleaf.standard.processor.StandardConditionalFixedValueTagProcessor
[THYMELEAF]             * [* {th:hidden,data-th-hidden}] [1000]: karate.org.thymeleaf.standard.processor.StandardConditionalFixedValueTagProcessor
[THYMELEAF]             * [* {th:controls,data-th-controls}] [1000]: karate.org.thymeleaf.standard.processor.StandardConditionalFixedValueTagProcessor
[THYMELEAF]             * [* {th:scoped,data-th-scoped}] [1000]: karate.org.thymeleaf.standard.processor.StandardConditionalFixedValueTagProcessor
[THYMELEAF]             * [* {th:required,data-th-required}] [1000]: karate.org.thymeleaf.standard.processor.StandardConditionalFixedValueTagProcessor
[THYMELEAF]             * [* {th:checked,data-th-checked}] [1000]: karate.org.thymeleaf.standard.processor.StandardConditionalFixedValueTagProcessor
[THYMELEAF]             * [* {th:autofocus,data-th-autofocus}] [1000]: karate.org.thymeleaf.standard.processor.StandardConditionalFixedValueTagProcessor
[THYMELEAF]             * [* {th:reversed,data-th-reversed}] [1000]: karate.org.thymeleaf.standard.processor.StandardConditionalFixedValueTagProcessor
[THYMELEAF]             * [* {th:ismap,data-th-ismap}] [1000]: karate.org.thymeleaf.standard.processor.StandardConditionalFixedValueTagProcessor
[THYMELEAF]             * [* {th:onmouseover,data-th-onmouseover}] [1000]: karate.org.thymeleaf.standard.processor.StandardDOMEventAttributeTagProcessor
[THYMELEAF]             * [* {th:ondrop,data-th-ondrop}] [1000]: karate.org.thymeleaf.standard.processor.StandardDOMEventAttributeTagProcessor
[THYMELEAF]             * [* {th:onscroll,data-th-onscroll}] [1000]: karate.org.thymeleaf.standard.processor.StandardDOMEventAttributeTagProcessor
[THYMELEAF]             * [* {th:onprogress,data-th-onprogress}] [1000]: karate.org.thymeleaf.standard.processor.StandardDOMEventAttributeTagProcessor
[THYMELEAF]             * [* {th:onemptied,data-th-onemptied}] [1000]: karate.org.thymeleaf.standard.processor.StandardDOMEventAttributeTagProcessor
[THYMELEAF]             * [* {th:onchange,data-th-onchange}] [1000]: karate.org.thymeleaf.standard.processor.StandardDOMEventAttributeTagProcessor
[THYMELEAF]             * [* {th:onpopstate,data-th-onpopstate}] [1000]: karate.org.thymeleaf.standard.processor.StandardDOMEventAttributeTagProcessor
[THYMELEAF]             * [* {th:onmousemove,data-th-onmousemove}] [1000]: karate.org.thymeleaf.standard.processor.StandardDOMEventAttributeTagProcessor
[THYMELEAF]             * [* {th:onfocus,data-th-onfocus}] [1000]: karate.org.thymeleaf.standard.processor.StandardDOMEventAttributeTagProcessor
[THYMELEAF]             * [* {th:onredo,data-th-onredo}] [1000]: karate.org.thymeleaf.standard.processor.StandardDOMEventAttributeTagProcessor
[THYMELEAF]             * [* {th:oncontextmenu,data-th-oncontextmenu}] [1000]: karate.org.thymeleaf.standard.processor.StandardDOMEventAttributeTagProcessor
[THYMELEAF]             * [* {th:onmouseup,data-th-onmouseup}] [1000]: karate.org.thymeleaf.standard.processor.StandardDOMEventAttributeTagProcessor
[THYMELEAF]             * [* {th:onshow,data-th-onshow}] [1000]: karate.org.thymeleaf.standard.processor.StandardDOMEventAttributeTagProcessor
[THYMELEAF]             * [* {th:onseeking,data-th-onseeking}] [1000]: karate.org.thymeleaf.standard.processor.StandardDOMEventAttributeTagProcessor
[THYMELEAF]             * [* {th:onload,data-th-onload}] [1000]: karate.org.thymeleaf.standard.processor.StandardDOMEventAttributeTagProcessor
[THYMELEAF]             * [* {th:onclick,data-th-onclick}] [1000]: karate.org.thymeleaf.standard.processor.StandardDOMEventAttributeTagProcessor
[THYMELEAF]             * [* {th:onplay,data-th-onplay}] [1000]: karate.org.thymeleaf.standard.processor.StandardDOMEventAttributeTagProcessor
[THYMELEAF]             * [* {th:ondragend,data-th-ondragend}] [1000]: karate.org.thymeleaf.standard.processor.StandardDOMEventAttributeTagProcessor
[THYMELEAF]             * [* {th:onstalled,data-th-onstalled}] [1000]: karate.org.thymeleaf.standard.processor.StandardDOMEventAttributeTagProcessor
[THYMELEAF]             * [* {th:onpause,data-th-onpause}] [1000]: karate.org.thymeleaf.standard.processor.StandardDOMEventAttributeTagProcessor
[THYMELEAF]             * [* {th:onoffline,data-th-onoffline}] [1000]: karate.org.thymeleaf.standard.processor.StandardDOMEventAttributeTagProcessor
[THYMELEAF]             * [* {th:ondragstart,data-th-ondragstart}] [1000]: karate.org.thymeleaf.standard.processor.StandardDOMEventAttributeTagProcessor
[THYMELEAF]             * [* {th:onsubmit,data-th-onsubmit}] [1000]: karate.org.thymeleaf.standard.processor.StandardDOMEventAttributeTagProcessor
[THYMELEAF]             * [* {th:ononline,data-th-ononline}] [1000]: karate.org.thymeleaf.standard.processor.StandardDOMEventAttributeTagProcessor
[THYMELEAF]             * [* {th:onratechange,data-th-onratechange}] [1000]: karate.org.thymeleaf.standard.processor.StandardDOMEventAttributeTagProcessor
[THYMELEAF]             * [* {th:onunload,data-th-onunload}] [1000]: karate.org.thymeleaf.standard.processor.StandardDOMEventAttributeTagProcessor
[THYMELEAF]             * [* {th:onkeydown,data-th-onkeydown}] [1000]: karate.org.thymeleaf.standard.processor.StandardDOMEventAttributeTagProcessor
[THYMELEAF]             * [* {th:onbeforeunload,data-th-onbeforeunload}] [1000]: karate.org.thymeleaf.standard.processor.StandardDOMEventAttributeTagProcessor
[THYMELEAF]             * [* {th:onvolumechange,data-th-onvolumechange}] [1000]: karate.org.thymeleaf.standard.processor.StandardDOMEventAttributeTagProcessor
[THYMELEAF]             * [* {th:onplaying,data-th-onplaying}] [1000]: karate.org.thymeleaf.standard.processor.StandardDOMEventAttributeTagProcessor
[THYMELEAF]             * [* {th:onseeked,data-th-onseeked}] [1000]: karate.org.thymeleaf.standard.processor.StandardDOMEventAttributeTagProcessor
[THYMELEAF]             * [* {th:onformchange,data-th-onformchange}] [1000]: karate.org.thymeleaf.standard.processor.StandardDOMEventAttributeTagProcessor
[THYMELEAF]             * [* {th:ondurationchange,data-th-ondurationchange}] [1000]: karate.org.thymeleaf.standard.processor.StandardDOMEventAttributeTagProcessor
[THYMELEAF]             * [* {th:oninvalid,data-th-oninvalid}] [1000]: karate.org.thymeleaf.standard.processor.StandardDOMEventAttributeTagProcessor
[THYMELEAF]             * [* {th:onwaiting,data-th-onwaiting}] [1000]: karate.org.thymeleaf.standard.processor.StandardDOMEventAttributeTagProcessor
[THYMELEAF]             * [* {th:onloadeddata,data-th-onloadeddata}] [1000]: karate.org.thymeleaf.standard.processor.StandardDOMEventAttributeTagProcessor
[THYMELEAF]             * [* {th:onkeyup,data-th-onkeyup}] [1000]: karate.org.thymeleaf.standard.processor.StandardDOMEventAttributeTagProcessor
[THYMELEAF]             * [* {th:ondblclick,data-th-ondblclick}] [1000]: karate.org.thymeleaf.standard.processor.StandardDOMEventAttributeTagProcessor
[THYMELEAF]             * [* {th:onreset,data-th-onreset}] [1000]: karate.org.thymeleaf.standard.processor.StandardDOMEventAttributeTagProcessor
[THYMELEAF]             * [* {th:onafterprint,data-th-onafterprint}] [1000]: karate.org.thymeleaf.standard.processor.StandardDOMEventAttributeTagProcessor
[THYMELEAF]             * [* {th:oninput,data-th-oninput}] [1000]: karate.org.thymeleaf.standard.processor.StandardDOMEventAttributeTagProcessor
[THYMELEAF]             * [* {th:onmousedown,data-th-onmousedown}] [1000]: karate.org.thymeleaf.standard.processor.StandardDOMEventAttributeTagProcessor
[THYMELEAF]             * [* {th:onmousewheel,data-th-onmousewheel}] [1000]: karate.org.thymeleaf.standard.processor.StandardDOMEventAttributeTagProcessor
[THYMELEAF]             * [* {th:ondragenter,data-th-ondragenter}] [1000]: karate.org.thymeleaf.standard.processor.StandardDOMEventAttributeTagProcessor
[THYMELEAF]             * [* {th:onended,data-th-onended}] [1000]: karate.org.thymeleaf.standard.processor.StandardDOMEventAttributeTagProcessor
[THYMELEAF]             * [* {th:onkeypress,data-th-onkeypress}] [1000]: karate.org.thymeleaf.standard.processor.StandardDOMEventAttributeTagProcessor
[THYMELEAF]             * [* {th:onundo,data-th-onundo}] [1000]: karate.org.thymeleaf.standard.processor.StandardDOMEventAttributeTagProcessor
[THYMELEAF]             * [* {th:onblur,data-th-onblur}] [1000]: karate.org.thymeleaf.standard.processor.StandardDOMEventAttributeTagProcessor
[THYMELEAF]             * [* {th:onmessage,data-th-onmessage}] [1000]: karate.org.thymeleaf.standard.processor.StandardDOMEventAttributeTagProcessor
[THYMELEAF]             * [* {th:oncanplay,data-th-oncanplay}] [1000]: karate.org.thymeleaf.standard.processor.StandardDOMEventAttributeTagProcessor
[THYMELEAF]             * [* {th:onabort,data-th-onabort}] [1000]: karate.org.thymeleaf.standard.processor.StandardDOMEventAttributeTagProcessor
[THYMELEAF]             * [* {th:onsuspend,data-th-onsuspend}] [1000]: karate.org.thymeleaf.standard.processor.StandardDOMEventAttributeTagProcessor
[THYMELEAF]             * [* {th:ondragover,data-th-ondragover}] [1000]: karate.org.thymeleaf.standard.processor.StandardDOMEventAttributeTagProcessor
[THYMELEAF]             * [* {th:onloadedmetadata,data-th-onloadedmetadata}] [1000]: karate.org.thymeleaf.standard.processor.StandardDOMEventAttributeTagProcessor
[THYMELEAF]             * [* {th:onreadystatechange,data-th-onreadystatechange}] [1000]: karate.org.thymeleaf.standard.processor.StandardDOMEventAttributeTagProcessor
[THYMELEAF]             * [* {th:ondragleave,data-th-ondragleave}] [1000]: karate.org.thymeleaf.standard.processor.StandardDOMEventAttributeTagProcessor
[THYMELEAF]             * [* {th:onloadstart,data-th-onloadstart}] [1000]: karate.org.thymeleaf.standard.processor.StandardDOMEventAttributeTagProcessor
[THYMELEAF]             * [* {th:onbeforeprint,data-th-onbeforeprint}] [1000]: karate.org.thymeleaf.standard.processor.StandardDOMEventAttributeTagProcessor
[THYMELEAF]             * [* {th:onerror,data-th-onerror}] [1000]: karate.org.thymeleaf.standard.processor.StandardDOMEventAttributeTagProcessor
[THYMELEAF]             * [* {th:onmouseout,data-th-onmouseout}] [1000]: karate.org.thymeleaf.standard.processor.StandardDOMEventAttributeTagProcessor
[THYMELEAF]             * [* {th:onresize,data-th-onresize}] [1000]: karate.org.thymeleaf.standard.processor.StandardDOMEventAttributeTagProcessor
[THYMELEAF]             * [* {th:ontimeupdate,data-th-ontimeupdate}] [1000]: karate.org.thymeleaf.standard.processor.StandardDOMEventAttributeTagProcessor
[THYMELEAF]             * [* {th:oncanplaythrough,data-th-oncanplaythrough}] [1000]: karate.org.thymeleaf.standard.processor.StandardDOMEventAttributeTagProcessor
[THYMELEAF]             * [* {th:ondrag,data-th-ondrag}] [1000]: karate.org.thymeleaf.standard.processor.StandardDOMEventAttributeTagProcessor
[THYMELEAF]             * [* {th:onhashchange,data-th-onhashchange}] [1000]: karate.org.thymeleaf.standard.processor.StandardDOMEventAttributeTagProcessor
[THYMELEAF]             * [* {th:onstorage,data-th-onstorage}] [1000]: karate.org.thymeleaf.standard.processor.StandardDOMEventAttributeTagProcessor
[THYMELEAF]             * [* {th:onforminput,data-th-onforminput}] [1000]: karate.org.thymeleaf.standard.processor.StandardDOMEventAttributeTagProcessor
[THYMELEAF]             * [* {th:onselect,data-th-onselect}] [1000]: karate.org.thymeleaf.standard.processor.StandardDOMEventAttributeTagProcessor
[THYMELEAF]             * [* {th:href,data-th-href}] [1000]: karate.org.thymeleaf.standard.processor.StandardHrefTagProcessor
[THYMELEAF]             * [* {th:inline,data-th-inline}] [1000]: karate.org.thymeleaf.standard.processor.StandardInlineHTMLTagProcessor
[THYMELEAF]             * [* {th:method,data-th-method}] [1000]: karate.org.thymeleaf.standard.processor.StandardMethodTagProcessor
[THYMELEAF]             * [* {th:type,data-th-type}] [1000]: karate.org.thymeleaf.standard.processor.StandardNonRemovableAttributeTagProcessor
[THYMELEAF]             * [* {th:name,data-th-name}] [1000]: karate.org.thymeleaf.standard.processor.StandardNonRemovableAttributeTagProcessor
[THYMELEAF]             * [* {th:for,data-th-for}] [1000]: karate.org.thymeleaf.standard.processor.StandardRemovableAttributeTagProcessor
[THYMELEAF]             * [* {th:marginwidth,data-th-marginwidth}] [1000]: karate.org.thymeleaf.standard.processor.StandardRemovableAttributeTagProcessor
[THYMELEAF]             * [* {th:alt,data-th-alt}] [1000]: karate.org.thymeleaf.standard.processor.StandardRemovableAttributeTagProcessor
[THYMELEAF]             * [* {th:form,data-th-form}] [1000]: karate.org.thymeleaf.standard.processor.StandardRemovableAttributeTagProcessor
[THYMELEAF]             * [* {th:hspace,data-th-hspace}] [1000]: karate.org.thymeleaf.standard.processor.StandardRemovableAttributeTagProcessor
[THYMELEAF]             * [* {th:keytype,data-th-keytype}] [1000]: karate.org.thymeleaf.standard.processor.StandardRemovableAttributeTagProcessor
[THYMELEAF]             * [* {th:min,data-th-min}] [1000]: karate.org.thymeleaf.standard.processor.StandardRemovableAttributeTagProcessor
[THYMELEAF]             * [* {th:step,data-th-step}] [1000]: karate.org.thymeleaf.standard.processor.StandardRemovableAttributeTagProcessor
[THYMELEAF]             * [* {th:tabindex,data-th-tabindex}] [1000]: karate.org.thymeleaf.standard.processor.StandardRemovableAttributeTagProcessor
[THYMELEAF]             * [* {th:width,data-th-width}] [1000]: karate.org.thymeleaf.standard.processor.StandardRemovableAttributeTagProcessor
[THYMELEAF]             * [* {th:optimum,data-th-optimum}] [1000]: karate.org.thymeleaf.standard.processor.StandardRemovableAttributeTagProcessor
[THYMELEAF]             * [* {th:preload,data-th-preload}] [1000]: karate.org.thymeleaf.standard.processor.StandardRemovableAttributeTagProcessor
[THYMELEAF]             * [* {th:poster,data-th-poster}] [1000]: karate.org.thymeleaf.standard.processor.StandardRemovableAttributeTagProcessor
[THYMELEAF]             * [* {th:archive,data-th-archive}] [1000]: karate.org.thymeleaf.standard.processor.StandardRemovableAttributeTagProcessor
[THYMELEAF]             * [* {th:autocomplete,data-th-autocomplete}] [1000]: karate.org.thymeleaf.standard.processor.StandardRemovableAttributeTagProcessor
[THYMELEAF]             * [* {th:frameborder,data-th-frameborder}] [1000]: karate.org.thymeleaf.standard.processor.StandardRemovableAttributeTagProcessor
[THYMELEAF]             * [* {th:codetype,data-th-codetype}] [1000]: karate.org.thymeleaf.standard.processor.StandardRemovableAttributeTagProcessor
[THYMELEAF]             * [* {th:background,data-th-background}] [1000]: karate.org.thymeleaf.standard.processor.StandardRemovableAttributeTagProcessor
[THYMELEAF]             * [* {th:formenctype,data-th-formenctype}] [1000]: karate.org.thymeleaf.standard.processor.StandardRemovableAttributeTagProcessor
[THYMELEAF]             * [* {th:abbr,data-th-abbr}] [1000]: karate.org.thymeleaf.standard.processor.StandardRemovableAttributeTagProcessor
[THYMELEAF]             * [* {th:low,data-th-low}] [1000]: karate.org.thymeleaf.standard.processor.StandardRemovableAttributeTagProcessor
[THYMELEAF]             * [* {th:style,data-th-style}] [1000]: karate.org.thymeleaf.standard.processor.StandardRemovableAttributeTagProcessor
[THYMELEAF]             * [* {th:data,data-th-data}] [1000]: karate.org.thymeleaf.standard.processor.StandardRemovableAttributeTagProcessor
[THYMELEAF]             * [* {th:draggable,data-th-draggable}] [1000]: karate.org.thymeleaf.standard.processor.StandardRemovableAttributeTagProcessor
[THYMELEAF]             * [* {th:rows,data-th-rows}] [1000]: karate.org.thymeleaf.standard.processor.StandardRemovableAttributeTagProcessor
[THYMELEAF]             * [* {th:hreflang,data-th-hreflang}] [1000]: karate.org.thymeleaf.standard.processor.StandardRemovableAttributeTagProcessor
[THYMELEAF]             * [* {th:enctype,data-th-enctype}] [1000]: karate.org.thymeleaf.standard.processor.StandardRemovableAttributeTagProcessor
[THYMELEAF]             * [* {th:datetime,data-th-datetime}] [1000]: karate.org.thymeleaf.standard.processor.StandardRemovableAttributeTagProcessor
[THYMELEAF]             * [* {th:span,data-th-span}] [1000]: karate.org.thymeleaf.standard.processor.StandardRemovableAttributeTagProcessor
[THYMELEAF]             * [* {th:start,data-th-start}] [1000]: karate.org.thymeleaf.standard.processor.StandardRemovableAttributeTagProcessor
[THYMELEAF]             * [* {th:scrolling,data-th-scrolling}] [1000]: karate.org.thymeleaf.standard.processor.StandardRemovableAttributeTagProcessor
[THYMELEAF]             * [* {th:media,data-th-media}] [1000]: karate.org.thymeleaf.standard.processor.StandardRemovableAttributeTagProcessor
[THYMELEAF]             * [* {th:usemap,data-th-usemap}] [1000]: karate.org.thymeleaf.standard.processor.StandardRemovableAttributeTagProcessor
[THYMELEAF]             * [* {th:radiogroup,data-th-radiogroup}] [1000]: karate.org.thymeleaf.standard.processor.StandardRemovableAttributeTagProcessor
[THYMELEAF]             * [* {th:cite,data-th-cite}] [1000]: karate.org.thymeleaf.standard.processor.StandardRemovableAttributeTagProcessor
[THYMELEAF]             * [* {th:vspace,data-th-vspace}] [1000]: karate.org.thymeleaf.standard.processor.StandardRemovableAttributeTagProcessor
[THYMELEAF]             * [* {th:manifest,data-th-manifest}] [1000]: karate.org.thymeleaf.standard.processor.StandardRemovableAttributeTagProcessor
[THYMELEAF]             * [* {th:rowspan,data-th-rowspan}] [1000]: karate.org.thymeleaf.standard.processor.StandardRemovableAttributeTagProcessor
[THYMELEAF]             * [* {th:scope,data-th-scope}] [1000]: karate.org.thymeleaf.standard.processor.StandardRemovableAttributeTagProcessor
[THYMELEAF]             * [* {th:target,data-th-target}] [1000]: karate.org.thymeleaf.standard.processor.StandardRemovableAttributeTagProcessor
[THYMELEAF]             * [* {th:high,data-th-high}] [1000]: karate.org.thymeleaf.standard.processor.StandardRemovableAttributeTagProcessor
[THYMELEAF]             * [* {th:label,data-th-label}] [1000]: karate.org.thymeleaf.standard.processor.StandardRemovableAttributeTagProcessor
[THYMELEAF]             * [* {th:marginheight,data-th-marginheight}] [1000]: karate.org.thymeleaf.standard.processor.StandardRemovableAttributeTagProcessor
[THYMELEAF]             * [* {th:height,data-th-height}] [1000]: karate.org.thymeleaf.standard.processor.StandardRemovableAttributeTagProcessor
[THYMELEAF]             * [* {th:colspan,data-th-colspan}] [1000]: karate.org.thymeleaf.standard.processor.StandardRemovableAttributeTagProcessor
[THYMELEAF]             * [* {th:compact,data-th-compact}] [1000]: karate.org.thymeleaf.standard.processor.StandardRemovableAttributeTagProcessor
[THYMELEAF]             * [* {th:accept-charset,data-th-accept-charset}] [1000]: karate.org.thymeleaf.standard.processor.StandardRemovableAttributeTagProcessor
[THYMELEAF]             * [* {th:contenteditable,data-th-contenteditable}] [1000]: karate.org.thymeleaf.standard.processor.StandardRemovableAttributeTagProcessor
[THYMELEAF]             * [* {th:size,data-th-size}] [1000]: karate.org.thymeleaf.standard.processor.StandardRemovableAttributeTagProcessor
[THYMELEAF]             * [* {th:srclang,data-th-srclang}] [1000]: karate.org.thymeleaf.standard.processor.StandardRemovableAttributeTagProcessor
[THYMELEAF]             * [* {th:sandbox,data-th-sandbox}] [1000]: karate.org.thymeleaf.standard.processor.StandardRemovableAttributeTagProcessor
[THYMELEAF]             * [* {th:icon,data-th-icon}] [1000]: karate.org.thymeleaf.standard.processor.StandardRemovableAttributeTagProcessor
[THYMELEAF]             * [* {th:classid,data-th-classid}] [1000]: karate.org.thymeleaf.standard.processor.StandardRemovableAttributeTagProcessor
[THYMELEAF]             * [* {th:summary,data-th-summary}] [1000]: karate.org.thymeleaf.standard.processor.StandardRemovableAttributeTagProcessor
[THYMELEAF]             * [* {th:http-equiv,data-th-http-equiv}] [1000]: karate.org.thymeleaf.standard.processor.StandardRemovableAttributeTagProcessor
[THYMELEAF]             * [* {th:dropzone,data-th-dropzone}] [1000]: karate.org.thymeleaf.standard.processor.StandardRemovableAttributeTagProcessor
[THYMELEAF]             * [* {th:pattern,data-th-pattern}] [1000]: karate.org.thymeleaf.standard.processor.StandardRemovableAttributeTagProcessor
[THYMELEAF]             * [* {th:accesskey,data-th-accesskey}] [1000]: karate.org.thymeleaf.standard.processor.StandardRemovableAttributeTagProcessor
[THYMELEAF]             * [* {th:align,data-th-align}] [1000]: karate.org.thymeleaf.standard.processor.StandardRemovableAttributeTagProcessor
[THYMELEAF]             * [* {th:challenge,data-th-challenge}] [1000]: karate.org.thymeleaf.standard.processor.StandardRemovableAttributeTagProcessor
[THYMELEAF]             * [* {th:border,data-th-border}] [1000]: karate.org.thymeleaf.standard.processor.StandardRemovableAttributeTagProcessor
[THYMELEAF]             * [* {th:cellpadding,data-th-cellpadding}] [1000]: karate.org.thymeleaf.standard.processor.StandardRemovableAttributeTagProcessor
[THYMELEAF]             * [* {th:id,data-th-id}] [1000]: karate.org.thymeleaf.standard.processor.StandardRemovableAttributeTagProcessor
[THYMELEAF]             * [* {th:class,data-th-class}] [1000]: karate.org.thymeleaf.standard.processor.StandardRemovableAttributeTagProcessor
[THYMELEAF]             * [* {th:accept,data-th-accept}] [1000]: karate.org.thymeleaf.standard.processor.StandardRemovableAttributeTagProcessor
[THYMELEAF]             * [* {th:cellspacing,data-th-cellspacing}] [1000]: karate.org.thymeleaf.standard.processor.StandardRemovableAttributeTagProcessor
[THYMELEAF]             * [* {th:sizes,data-th-sizes}] [1000]: karate.org.thymeleaf.standard.processor.StandardRemovableAttributeTagProcessor
[THYMELEAF]             * [* {th:spellcheck,data-th-spellcheck}] [1000]: karate.org.thymeleaf.standard.processor.StandardRemovableAttributeTagProcessor
[THYMELEAF]             * [* {th:kind,data-th-kind}] [1000]: karate.org.thymeleaf.standard.processor.StandardRemovableAttributeTagProcessor
[THYMELEAF]             * [* {th:content,data-th-content}] [1000]: karate.org.thymeleaf.standard.processor.StandardRemovableAttributeTagProcessor
[THYMELEAF]             * [* {th:headers,data-th-headers}] [1000]: karate.org.thymeleaf.standard.processor.StandardRemovableAttributeTagProcessor
[THYMELEAF]             * [* {th:axis,data-th-axis}] [1000]: karate.org.thymeleaf.standard.processor.StandardRemovableAttributeTagProcessor
[THYMELEAF]             * [* {th:bgcolor,data-th-bgcolor}] [1000]: karate.org.thymeleaf.standard.processor.StandardRemovableAttributeTagProcessor
[THYMELEAF]             * [* {th:title,data-th-title}] [1000]: karate.org.thymeleaf.standard.processor.StandardRemovableAttributeTagProcessor
[THYMELEAF]             * [* {th:wrap,data-th-wrap}] [1000]: karate.org.thymeleaf.standard.processor.StandardRemovableAttributeTagProcessor
[THYMELEAF]             * [* {th:rev,data-th-rev}] [1000]: karate.org.thymeleaf.standard.processor.StandardRemovableAttributeTagProcessor
[THYMELEAF]             * [* {th:placeholder,data-th-placeholder}] [1000]: karate.org.thymeleaf.standard.processor.StandardRemovableAttributeTagProcessor
[THYMELEAF]             * [* {th:list,data-th-list}] [1000]: karate.org.thymeleaf.standard.processor.StandardRemovableAttributeTagProcessor
[THYMELEAF]             * [* {th:dir,data-th-dir}] [1000]: karate.org.thymeleaf.standard.processor.StandardRemovableAttributeTagProcessor
[THYMELEAF]             * [* {th:scheme,data-th-scheme}] [1000]: karate.org.thymeleaf.standard.processor.StandardRemovableAttributeTagProcessor
[THYMELEAF]             * [* {th:formaction,data-th-formaction}] [1000]: karate.org.thymeleaf.standard.processor.StandardRemovableAttributeTagProcessor
[THYMELEAF]             * [* {th:formtarget,data-th-formtarget}] [1000]: karate.org.thymeleaf.standard.processor.StandardRemovableAttributeTagProcessor
[THYMELEAF]             * [* {th:rules,data-th-rules}] [1000]: karate.org.thymeleaf.standard.processor.StandardRemovableAttributeTagProcessor
[THYMELEAF]             * [* {th:formmethod,data-th-formmethod}] [1000]: karate.org.thymeleaf.standard.processor.StandardRemovableAttributeTagProcessor
[THYMELEAF]             * [* {th:cols,data-th-cols}] [1000]: karate.org.thymeleaf.standard.processor.StandardRemovableAttributeTagProcessor
[THYMELEAF]             * [* {th:audio,data-th-audio}] [1000]: karate.org.thymeleaf.standard.processor.StandardRemovableAttributeTagProcessor
[THYMELEAF]             * [* {th:valuetype,data-th-valuetype}] [1000]: karate.org.thymeleaf.standard.processor.StandardRemovableAttributeTagProcessor
[THYMELEAF]             * [* {th:standby,data-th-standby}] [1000]: karate.org.thymeleaf.standard.processor.StandardRemovableAttributeTagProcessor
[THYMELEAF]             * [* {th:rel,data-th-rel}] [1000]: karate.org.thymeleaf.standard.processor.StandardRemovableAttributeTagProcessor
[THYMELEAF]             * [* {th:max,data-th-max}] [1000]: karate.org.thymeleaf.standard.processor.StandardRemovableAttributeTagProcessor
[THYMELEAF]             * [* {th:longdesc,data-th-longdesc}] [1000]: karate.org.thymeleaf.standard.processor.StandardRemovableAttributeTagProcessor
[THYMELEAF]             * [* {th:codebase,data-th-codebase}] [1000]: karate.org.thymeleaf.standard.processor.StandardRemovableAttributeTagProcessor
[THYMELEAF]             * [* {th:lang,data-th-lang}] [1000]: karate.org.thymeleaf.standard.processor.StandardRemovableAttributeTagProcessor
[THYMELEAF]             * [* {th:contextmenu,data-th-contextmenu}] [1000]: karate.org.thymeleaf.standard.processor.StandardRemovableAttributeTagProcessor
[THYMELEAF]             * [* {th:charset,data-th-charset}] [1000]: karate.org.thymeleaf.standard.processor.StandardRemovableAttributeTagProcessor
[THYMELEAF]             * [* {th:frame,data-th-frame}] [1000]: karate.org.thymeleaf.standard.processor.StandardRemovableAttributeTagProcessor
[THYMELEAF]             * [* {th:maxlength,data-th-maxlength}] [1000]: karate.org.thymeleaf.standard.processor.StandardRemovableAttributeTagProcessor
[THYMELEAF]             * [* {th:src,data-th-src}] [1000]: karate.org.thymeleaf.standard.processor.StandardSrcTagProcessor
[THYMELEAF]             * [* {th:value,data-th-value}] [1000]: karate.org.thymeleaf.standard.processor.StandardValueTagProcessor
[THYMELEAF]             * [* {th:xmlbase,data-th-xmlbase}] [1000]: karate.org.thymeleaf.standard.processor.StandardXmlBaseTagProcessor
[THYMELEAF]             * [* {th:xmllang,data-th-xmllang}] [1000]: karate.org.thymeleaf.standard.processor.StandardXmlLangTagProcessor
[THYMELEAF]             * [* {xmlns:th}] [1000]: karate.org.thymeleaf.standard.processor.StandardXmlNsTagProcessor
[THYMELEAF]             * [* {th:xmlspace,data-th-xmlspace}] [1000]: karate.org.thymeleaf.standard.processor.StandardXmlSpaceTagProcessor
[THYMELEAF]             * [* {th:classappend,data-th-classappend}] [1100]: karate.org.thymeleaf.standard.processor.StandardClassappendTagProcessor
[THYMELEAF]             * [* {th:styleappend,data-th-styleappend}] [1100]: karate.org.thymeleaf.standard.processor.StandardStyleappendTagProcessor
[THYMELEAF]             * [* {th:text,data-th-text}] [1300]: karate.org.thymeleaf.standard.processor.StandardTextTagProcessor
[THYMELEAF]             * [* {th:utext,data-th-utext}] [1400]: karate.org.thymeleaf.standard.processor.StandardUtextTagProcessor
[THYMELEAF]             * [* {th:fragment,data-th-fragment}] [1500]: karate.org.thymeleaf.standard.processor.StandardFragmentTagProcessor
[THYMELEAF]             * [* {th:assert,data-th-assert}] [1550]: karate.org.thymeleaf.standard.processor.StandardAssertTagProcessor
[THYMELEAF]             * [* {th:remove,data-th-remove}] [1600]: karate.org.thymeleaf.standard.processor.StandardRemoveTagProcessor
[THYMELEAF]             * [* {th:ref,data-th-ref}] [10000]: karate.org.thymeleaf.standard.processor.StandardRefAttributeTagProcessor
[THYMELEAF]             * [{th:block,th-block} *] [100000]: karate.org.thymeleaf.standard.processor.StandardBlockTagProcessor
[THYMELEAF]             * [* th:*] [2147483647]: karate.org.thymeleaf.standard.processor.StandardDefaultAttributesTagProcessor
[THYMELEAF]         * Text Processors by [precedence]:
[THYMELEAF]             * [1000]: karate.org.thymeleaf.standard.processor.StandardInliningTextProcessor
[THYMELEAF]         * DOCTYPE Processors by [precedence]:
[THYMELEAF]             * [1000]: karate.org.thymeleaf.standard.processor.StandardTranslationDocTypeProcessor
[THYMELEAF]         * CDATA Section Processors by [precedence]:
[THYMELEAF]             * [1000]: karate.org.thymeleaf.standard.processor.StandardInliningCDATASectionProcessor
[THYMELEAF]         * Comment Processors by [precedence]:
[THYMELEAF]             * [1000]: karate.org.thymeleaf.standard.processor.StandardInliningCommentProcessor
[THYMELEAF]             * [1100]: karate.org.thymeleaf.standard.processor.StandardConditionalCommentProcessor
[THYMELEAF]     * Processors for Template Mode: XML
[THYMELEAF]         * Element Tag Processors by [matching element and attribute name] [precedence]:
[THYMELEAF]             * [* {th:include}] [100]: karate.org.thymeleaf.standard.processor.StandardIncludeTagProcessor
[THYMELEAF]             * [* {th:insert}] [100]: karate.org.thymeleaf.standard.processor.StandardInsertTagProcessor
[THYMELEAF]             * [* {th:replace}] [100]: karate.org.thymeleaf.standard.processor.StandardReplaceTagProcessor
[THYMELEAF]             * [* {th:substituteby}] [100]: karate.org.thymeleaf.standard.processor.StandardSubstituteByTagProcessor
[THYMELEAF]             * [* {th:switch}] [250]: karate.org.thymeleaf.standard.processor.StandardSwitchTagProcessor
[THYMELEAF]             * [* {th:case}] [275]: karate.org.thymeleaf.standard.processor.StandardCaseTagProcessor
[THYMELEAF]             * [* {th:if}] [300]: karate.org.thymeleaf.standard.processor.StandardIfTagProcessor
[THYMELEAF]             * [* {th:unless}] [400]: karate.org.thymeleaf.standard.processor.StandardUnlessTagProcessor
[THYMELEAF]             * [* {th:object}] [500]: karate.org.thymeleaf.standard.processor.StandardObjectTagProcessor
[THYMELEAF]             * [* {th:with}] [600]: karate.org.thymeleaf.standard.processor.StandardWithTagProcessor
[THYMELEAF]             * [* {th:attr}] [700]: karate.org.thymeleaf.standard.processor.StandardAttrTagProcessor
[THYMELEAF]             * [* {th:attrprepend}] [800]: karate.org.thymeleaf.standard.processor.StandardAttrprependTagProcessor
[THYMELEAF]             * [* {th:attrappend}] [900]: karate.org.thymeleaf.standard.processor.StandardAttrappendTagProcessor
[THYMELEAF]             * [* {th:inline}] [1000]: karate.org.thymeleaf.standard.processor.StandardInlineXMLTagProcessor
[THYMELEAF]             * [* {xmlns:th}] [1000]: karate.org.thymeleaf.standard.processor.StandardXmlNsTagProcessor
[THYMELEAF]             * [* {th:text}] [1300]: karate.org.thymeleaf.standard.processor.StandardTextTagProcessor
[THYMELEAF]             * [* {th:utext}] [1400]: karate.org.thymeleaf.standard.processor.StandardUtextTagProcessor
[THYMELEAF]             * [* {th:fragment}] [1500]: karate.org.thymeleaf.standard.processor.StandardFragmentTagProcessor
[THYMELEAF]             * [* {th:assert}] [1550]: karate.org.thymeleaf.standard.processor.StandardAssertTagProcessor
[THYMELEAF]             * [* {th:remove}] [1600]: karate.org.thymeleaf.standard.processor.StandardRemoveTagProcessor
[THYMELEAF]             * [* {th:ref}] [10000]: karate.org.thymeleaf.standard.processor.StandardRefAttributeTagProcessor
[THYMELEAF]             * [{th:block} *] [100000]: karate.org.thymeleaf.standard.processor.StandardBlockTagProcessor
[THYMELEAF]             * [* th:*] [2147483647]: karate.org.thymeleaf.standard.processor.StandardDefaultAttributesTagProcessor
[THYMELEAF]         * Text Processors by [precedence]:
[THYMELEAF]             * [1000]: karate.org.thymeleaf.standard.processor.StandardInliningTextProcessor
[THYMELEAF]         * CDATA Section Processors by [precedence]:
[THYMELEAF]             * [1000]: karate.org.thymeleaf.standard.processor.StandardInliningCDATASectionProcessor
[THYMELEAF]         * Comment Processors by [precedence]:
[THYMELEAF]             * [1000]: karate.org.thymeleaf.standard.processor.StandardInliningCommentProcessor
[THYMELEAF]     * Processors for Template Mode: TEXT
[THYMELEAF]         * Element Tag Processors by [matching element and attribute name] [precedence]:
[THYMELEAF]             * [* {th:insert}] [100]: karate.org.thymeleaf.standard.processor.StandardInsertTagProcessor
[THYMELEAF]             * [* {th:replace}] [100]: karate.org.thymeleaf.standard.processor.StandardReplaceTagProcessor
[THYMELEAF]             * [* {th:switch}] [250]: karate.org.thymeleaf.standard.processor.StandardSwitchTagProcessor
[THYMELEAF]             * [* {th:case}] [275]: karate.org.thymeleaf.standard.processor.StandardCaseTagProcessor
[THYMELEAF]             * [* {th:if}] [300]: karate.org.thymeleaf.standard.processor.StandardIfTagProcessor
[THYMELEAF]             * [* {th:unless}] [400]: karate.org.thymeleaf.standard.processor.StandardUnlessTagProcessor
[THYMELEAF]             * [* {th:object}] [500]: karate.org.thymeleaf.standard.processor.StandardObjectTagProcessor
[THYMELEAF]             * [* {th:with}] [600]: karate.org.thymeleaf.standard.processor.StandardWithTagProcessor
[THYMELEAF]             * [* {th:inline}] [1000]: karate.org.thymeleaf.standard.processor.StandardInlineTextualTagProcessor
[THYMELEAF]             * [* {th:text}] [1300]: karate.org.thymeleaf.standard.processor.StandardTextTagProcessor
[THYMELEAF]             * [* {th:utext}] [1400]: karate.org.thymeleaf.standard.processor.StandardUtextTagProcessor
[THYMELEAF]             * [* {th:assert}] [1550]: karate.org.thymeleaf.standard.processor.StandardAssertTagProcessor
[THYMELEAF]             * [* {th:remove}] [1600]: karate.org.thymeleaf.standard.processor.StandardRemoveTagProcessor
[THYMELEAF]             * [{th:block} *] [100000]: karate.org.thymeleaf.standard.processor.StandardBlockTagProcessor
[THYMELEAF]             * [* 100000] [karate.org.thymeleaf.standard.processor.StandardBlockTagProcessor]: {}
[THYMELEAF]         * Text Processors by [precedence]:
[THYMELEAF]             * [1000]: karate.org.thymeleaf.standard.processor.StandardInliningTextProcessor
[THYMELEAF]     * Processors for Template Mode: JAVASCRIPT
[THYMELEAF]         * Element Tag Processors by [matching element and attribute name] [precedence]:
[THYMELEAF]             * [* {th:insert}] [100]: karate.org.thymeleaf.standard.processor.StandardInsertTagProcessor
[THYMELEAF]             * [* {th:replace}] [100]: karate.org.thymeleaf.standard.processor.StandardReplaceTagProcessor
[THYMELEAF]             * [* {th:switch}] [250]: karate.org.thymeleaf.standard.processor.StandardSwitchTagProcessor
[THYMELEAF]             * [* {th:case}] [275]: karate.org.thymeleaf.standard.processor.StandardCaseTagProcessor
[THYMELEAF]             * [* {th:if}] [300]: karate.org.thymeleaf.standard.processor.StandardIfTagProcessor
[THYMELEAF]             * [* {th:unless}] [400]: karate.org.thymeleaf.standard.processor.StandardUnlessTagProcessor
[THYMELEAF]             * [* {th:object}] [500]: karate.org.thymeleaf.standard.processor.StandardObjectTagProcessor
[THYMELEAF]             * [* {th:with}] [600]: karate.org.thymeleaf.standard.processor.StandardWithTagProcessor
[THYMELEAF]             * [* {th:inline}] [1000]: karate.org.thymeleaf.standard.processor.StandardInlineTextualTagProcessor
[THYMELEAF]             * [* {th:text}] [1300]: karate.org.thymeleaf.standard.processor.StandardTextTagProcessor
[THYMELEAF]             * [* {th:utext}] [1400]: karate.org.thymeleaf.standard.processor.StandardUtextTagProcessor
[THYMELEAF]             * [* {th:assert}] [1550]: karate.org.thymeleaf.standard.processor.StandardAssertTagProcessor
[THYMELEAF]             * [* {th:remove}] [1600]: karate.org.thymeleaf.standard.processor.StandardRemoveTagProcessor
[THYMELEAF]             * [* 100000] [karate.org.thymeleaf.standard.processor.StandardBlockTagProcessor]: {}
[THYMELEAF]             * [{th:block} *] [100000]: karate.org.thymeleaf.standard.processor.StandardBlockTagProcessor
[THYMELEAF]         * Text Processors by [precedence]:
[THYMELEAF]             * [1000]: karate.org.thymeleaf.standard.processor.StandardInliningTextProcessor
[THYMELEAF]     * Processors for Template Mode: CSS
[THYMELEAF]         * Element Tag Processors by [matching element and attribute name] [precedence]:
[THYMELEAF]             * [* {th:insert}] [100]: karate.org.thymeleaf.standard.processor.StandardInsertTagProcessor
[THYMELEAF]             * [* {th:replace}] [100]: karate.org.thymeleaf.standard.processor.StandardReplaceTagProcessor
[THYMELEAF]             * [* {th:switch}] [250]: karate.org.thymeleaf.standard.processor.StandardSwitchTagProcessor
[THYMELEAF]             * [* {th:case}] [275]: karate.org.thymeleaf.standard.processor.StandardCaseTagProcessor
[THYMELEAF]             * [* {th:if}] [300]: karate.org.thymeleaf.standard.processor.StandardIfTagProcessor
[THYMELEAF]             * [* {th:unless}] [400]: karate.org.thymeleaf.standard.processor.StandardUnlessTagProcessor
[THYMELEAF]             * [* {th:object}] [500]: karate.org.thymeleaf.standard.processor.StandardObjectTagProcessor
[THYMELEAF]             * [* {th:with}] [600]: karate.org.thymeleaf.standard.processor.StandardWithTagProcessor
[THYMELEAF]             * [* {th:inline}] [1000]: karate.org.thymeleaf.standard.processor.StandardInlineTextualTagProcessor
[THYMELEAF]             * [* {th:text}] [1300]: karate.org.thymeleaf.standard.processor.StandardTextTagProcessor
[THYMELEAF]             * [* {th:utext}] [1400]: karate.org.thymeleaf.standard.processor.StandardUtextTagProcessor
[THYMELEAF]             * [* {th:assert}] [1550]: karate.org.thymeleaf.standard.processor.StandardAssertTagProcessor
[THYMELEAF]             * [* {th:remove}] [1600]: karate.org.thymeleaf.standard.processor.StandardRemoveTagProcessor
[THYMELEAF]             * [{th:block} *] [100000]: karate.org.thymeleaf.standard.processor.StandardBlockTagProcessor
[THYMELEAF]             * [* 100000] [karate.org.thymeleaf.standard.processor.StandardBlockTagProcessor]: {}
[THYMELEAF]         * Text Processors by [precedence]:
[THYMELEAF]             * [1000]: karate.org.thymeleaf.standard.processor.StandardInliningTextProcessor
[THYMELEAF]     * Expression Objects:
[THYMELEAF]         * #ctx
[THYMELEAF]         * #root
[THYMELEAF]         * #vars
[THYMELEAF]         * #object
[THYMELEAF]         * #locale
[THYMELEAF]         * #request
[THYMELEAF]         * #response
[THYMELEAF]         * #session
[THYMELEAF]         * #servletContext
[THYMELEAF]         * #conversions
[THYMELEAF]         * #uris
[THYMELEAF]         * #calendars
[THYMELEAF]         * #dates
[THYMELEAF]         * #bools
[THYMELEAF]         * #numbers
[THYMELEAF]         * #objects
[THYMELEAF]         * #strings
[THYMELEAF]         * #arrays
[THYMELEAF]         * #lists
[THYMELEAF]         * #sets
[THYMELEAF]         * #maps
[THYMELEAF]         * #aggregates
[THYMELEAF]         * #messages
[THYMELEAF]         * #ids
[THYMELEAF]         * #execInfo
[THYMELEAF]         * #httpServletRequest
[THYMELEAF]         * #httpSession
[THYMELEAF]     * Execution Attributes:
[THYMELEAF]         * "StandardExpressionParser": com.intuit.karate.template.KarateStandardDialect@7c2dfa2
[THYMELEAF]         * "StandardJavaScriptSerializer": karate.org.thymeleaf.standard.serializer.StandardJavaScriptSerializer@2b7e8044
[THYMELEAF]         * "StandardCSSSerializer": karate.org.thymeleaf.standard.serializer.StandardCSSSerializer@550de6b8
[THYMELEAF]         * "StandardVariableExpressionEvaluator": com.intuit.karate.template.KarateStandardDialect@7c2dfa2
[THYMELEAF]         * "StandardConversionService": karate.org.thymeleaf.standard.expression.StandardConversionService@3a1706e1
[THYMELEAF] * Dialect [2 of 2]: karate (com.intuit.karate.template.KarateScriptDialect)
[THYMELEAF]     * Prefix: "ka"
[THYMELEAF]     * Processors for Template Mode: HTML
[THYMELEAF]         * Element Tag Processors by [matching element and attribute name] [precedence]:
[THYMELEAF]             * [* {ka:src,data-ka-src}] [1000]: com.intuit.karate.template.KaScriptAttrProcessor
[THYMELEAF]         * Element Model Processors by [matching element and attribute name] [precedence]:
[THYMELEAF]             * [{script} {ka:scope,data-ka-scope}] [1000]: com.intuit.karate.template.KaScriptElemProcessor
[THYMELEAF] TEMPLATE ENGINE CONFIGURED OK
02:27:58.284 [main] DEBUG karate.org.thymeleaf.TemplateEngine - [THYMELEAF] TEMPLATE ENGINE INITIALIZED
---------------------------------------------------------
feature: classpath:tests/configDemo.feature
scenarios:  2 | passed:  2 | failed:  0 | time: 1.9942
---------------------------------------------------------

02:27:59.205 [main] INFO com.intuit.karate - Given:  null 
02:27:59.214 [main] DEBUG karate.org.apache.http.client.protocol.RequestAddCookies - CookieSpec selected: karate
02:27:59.215 [main] DEBUG karate.org.apache.http.client.protocol.RequestAuthCache - Auth cache not set in the context
02:27:59.215 [main] DEBUG com.intuit.karate - request:
1 > DELETE https://reqres.in/api/users/2
1 > Host: reqres.in
1 > Connection: Keep-Alive
1 > User-Agent: Apache-HttpClient/4.5.13 (Java/11.0.18)
1 > Accept-Encoding: gzip,deflate


02:27:59.215 [main] DEBUG karate.org.apache.http.impl.conn.PoolingHttpClientConnectionManager - Connection request: [route: {s}->https://reqres.in:443][total available: 0; route allocated: 0 of 5; total allocated: 0 of 10]
02:27:59.216 [main] DEBUG karate.org.apache.http.impl.conn.PoolingHttpClientConnectionManager - Connection leased: [id: 1][route: {s}->https://reqres.in:443][total available: 0; route allocated: 1 of 5; total allocated: 1 of 10]
02:27:59.216 [main] DEBUG karate.org.apache.http.impl.execchain.MainClientExec - Opening connection {s}->https://reqres.in:443
02:27:59.216 [main] DEBUG karate.org.apache.http.impl.conn.DefaultHttpClientConnectionOperator - Connecting to reqres.in/104.26.10.213:443
02:27:59.216 [main] DEBUG karate.org.apache.http.conn.ssl.SSLConnectionSocketFactory - Connecting socket to reqres.in/104.26.10.213:443 with timeout 5000
02:27:59.237 [main] DEBUG karate.org.apache.http.conn.ssl.SSLConnectionSocketFactory - Enabled protocols: [TLSv1.3, TLSv1.2]
02:27:59.237 [main] DEBUG karate.org.apache.http.conn.ssl.SSLConnectionSocketFactory - Enabled cipher suites:[TLS_AES_256_GCM_SHA384, TLS_AES_128_GCM_SHA256, TLS_CHACHA20_POLY1305_SHA256, TLS_ECDHE_ECDSA_WITH_AES_256_GCM_SHA384, TLS_ECDHE_ECDSA_WITH_AES_128_GCM_SHA256, TLS_ECDHE_ECDSA_WITH_CHACHA20_POLY1305_SHA256, TLS_ECDHE_RSA_WITH_AES_256_GCM_SHA384, TLS_ECDHE_RSA_WITH_CHACHA20_POLY1305_SHA256, TLS_ECDHE_RSA_WITH_AES_128_GCM_SHA256, TLS_DHE_RSA_WITH_AES_256_GCM_SHA384, TLS_DHE_RSA_WITH_CHACHA20_POLY1305_SHA256, TLS_DHE_DSS_WITH_AES_256_GCM_SHA384, TLS_DHE_RSA_WITH_AES_128_GCM_SHA256, TLS_DHE_DSS_WITH_AES_128_GCM_SHA256, TLS_ECDHE_ECDSA_WITH_AES_256_CBC_SHA384, TLS_ECDHE_RSA_WITH_AES_256_CBC_SHA384, TLS_ECDHE_ECDSA_WITH_AES_128_CBC_SHA256, TLS_ECDHE_RSA_WITH_AES_128_CBC_SHA256, TLS_DHE_RSA_WITH_AES_256_CBC_SHA256, TLS_DHE_DSS_WITH_AES_256_CBC_SHA256, TLS_DHE_RSA_WITH_AES_128_CBC_SHA256, TLS_DHE_DSS_WITH_AES_128_CBC_SHA256, TLS_ECDH_ECDSA_WITH_AES_256_GCM_SHA384, TLS_ECDH_RSA_WITH_AES_256_GCM_SHA384, TLS_ECDH_ECDSA_WITH_AES_128_GCM_SHA256, TLS_ECDH_RSA_WITH_AES_128_GCM_SHA256, TLS_ECDH_ECDSA_WITH_AES_256_CBC_SHA384, TLS_ECDH_RSA_WITH_AES_256_CBC_SHA384, TLS_ECDH_ECDSA_WITH_AES_128_CBC_SHA256, TLS_ECDH_RSA_WITH_AES_128_CBC_SHA256, TLS_ECDHE_ECDSA_WITH_AES_256_CBC_SHA, TLS_ECDHE_RSA_WITH_AES_256_CBC_SHA, TLS_ECDHE_ECDSA_WITH_AES_128_CBC_SHA, TLS_ECDHE_RSA_WITH_AES_128_CBC_SHA, TLS_DHE_RSA_WITH_AES_256_CBC_SHA, TLS_DHE_DSS_WITH_AES_256_CBC_SHA, TLS_DHE_RSA_WITH_AES_128_CBC_SHA, TLS_DHE_DSS_WITH_AES_128_CBC_SHA, TLS_ECDH_ECDSA_WITH_AES_256_CBC_SHA, TLS_ECDH_RSA_WITH_AES_256_CBC_SHA, TLS_ECDH_ECDSA_WITH_AES_128_CBC_SHA, TLS_ECDH_RSA_WITH_AES_128_CBC_SHA, TLS_RSA_WITH_AES_256_GCM_SHA384, TLS_RSA_WITH_AES_128_GCM_SHA256, TLS_RSA_WITH_AES_256_CBC_SHA256, TLS_RSA_WITH_AES_128_CBC_SHA256, TLS_RSA_WITH_AES_256_CBC_SHA, TLS_RSA_WITH_AES_128_CBC_SHA, TLS_EMPTY_RENEGOTIATION_INFO_SCSV]
02:27:59.237 [main] DEBUG karate.org.apache.http.conn.ssl.SSLConnectionSocketFactory - Starting handshake
02:27:59.279 [main] DEBUG karate.org.apache.http.conn.ssl.SSLConnectionSocketFactory - Secure session established
02:27:59.279 [main] DEBUG karate.org.apache.http.conn.ssl.SSLConnectionSocketFactory -  negotiated protocol: TLSv1.3
02:27:59.279 [main] DEBUG karate.org.apache.http.conn.ssl.SSLConnectionSocketFactory -  negotiated cipher suite: TLS_AES_256_GCM_SHA384
02:27:59.279 [main] DEBUG karate.org.apache.http.conn.ssl.SSLConnectionSocketFactory -  peer principal: CN=sni.cloudflaressl.com, O="Cloudflare, Inc.", L=San Francisco, ST=California, C=US
02:27:59.279 [main] DEBUG karate.org.apache.http.conn.ssl.SSLConnectionSocketFactory -  peer alternative names: [reqres.in, *.reqres.in, sni.cloudflaressl.com]
02:27:59.279 [main] DEBUG karate.org.apache.http.conn.ssl.SSLConnectionSocketFactory -  issuer principal: CN=Cloudflare Inc ECC CA-3, O="Cloudflare, Inc.", C=US
02:27:59.280 [main] DEBUG karate.org.apache.http.impl.conn.DefaultHttpClientConnectionOperator - Connection established 192.168.100.7:60700<->104.26.10.213:443
02:27:59.280 [main] DEBUG karate.org.apache.http.impl.conn.DefaultManagedHttpClientConnection - http-outgoing-1: set socket timeout to 5000
02:27:59.280 [main] DEBUG karate.org.apache.http.impl.execchain.MainClientExec - Executing request DELETE /api/users/2 HTTP/1.1
02:27:59.280 [main] DEBUG karate.org.apache.http.impl.execchain.MainClientExec - Target auth state: UNCHALLENGED
02:27:59.280 [main] DEBUG karate.org.apache.http.impl.execchain.MainClientExec - Proxy auth state: UNCHALLENGED
02:27:59.280 [main] DEBUG karate.org.apache.http.headers - http-outgoing-1 >> DELETE /api/users/2 HTTP/1.1
02:27:59.280 [main] DEBUG karate.org.apache.http.headers - http-outgoing-1 >> Host: reqres.in
02:27:59.281 [main] DEBUG karate.org.apache.http.headers - http-outgoing-1 >> Connection: Keep-Alive
02:27:59.281 [main] DEBUG karate.org.apache.http.headers - http-outgoing-1 >> User-Agent: Apache-HttpClient/4.5.13 (Java/11.0.18)
02:27:59.281 [main] DEBUG karate.org.apache.http.headers - http-outgoing-1 >> Accept-Encoding: gzip,deflate
02:27:59.281 [main] DEBUG karate.org.apache.http.wire - http-outgoing-1 >> "DELETE /api/users/2 HTTP/1.1[\r][\n]"
02:27:59.281 [main] DEBUG karate.org.apache.http.wire - http-outgoing-1 >> "Host: reqres.in[\r][\n]"
02:27:59.281 [main] DEBUG karate.org.apache.http.wire - http-outgoing-1 >> "Connection: Keep-Alive[\r][\n]"
02:27:59.281 [main] DEBUG karate.org.apache.http.wire - http-outgoing-1 >> "User-Agent: Apache-HttpClient/4.5.13 (Java/11.0.18)[\r][\n]"
02:27:59.281 [main] DEBUG karate.org.apache.http.wire - http-outgoing-1 >> "Accept-Encoding: gzip,deflate[\r][\n]"
02:27:59.281 [main] DEBUG karate.org.apache.http.wire - http-outgoing-1 >> "[\r][\n]"
02:27:59.396 [main] DEBUG karate.org.apache.http.wire - http-outgoing-1 << "HTTP/1.1 204 No Content[\r][\n]"
02:27:59.397 [main] DEBUG karate.org.apache.http.wire - http-outgoing-1 << "Date: Mon, 25 Dec 2023 01:27:59 GMT[\r][\n]"
02:27:59.397 [main] DEBUG karate.org.apache.http.wire - http-outgoing-1 << "Content-Length: 0[\r][\n]"
02:27:59.397 [main] DEBUG karate.org.apache.http.wire - http-outgoing-1 << "Connection: keep-alive[\r][\n]"
02:27:59.397 [main] DEBUG karate.org.apache.http.wire - http-outgoing-1 << "Report-To: {"group":"heroku-nel","max_age":3600,"endpoints":[{"url":"https://nel.heroku.com/reports?ts=1703467679&sid=c4c9725f-1ab0-44d8-820f-430df2718e11&s=Ri%2BTe7j%2Fv3WfcMdztygnt1mUGwVSbouBkqn8UGPDiTg%3D"}]}[\r][\n]"
02:27:59.397 [main] DEBUG karate.org.apache.http.wire - http-outgoing-1 << "Reporting-Endpoints: heroku-nel=https://nel.heroku.com/reports?ts=1703467679&sid=c4c9725f-1ab0-44d8-820f-430df2718e11&s=Ri%2BTe7j%2Fv3WfcMdztygnt1mUGwVSbouBkqn8UGPDiTg%3D[\r][\n]"
02:27:59.397 [main] DEBUG karate.org.apache.http.wire - http-outgoing-1 << "Nel: {"report_to":"heroku-nel","max_age":3600,"success_fraction":0.005,"failure_fraction":0.05,"response_headers":["Via"]}[\r][\n]"
02:27:59.397 [main] DEBUG karate.org.apache.http.wire - http-outgoing-1 << "X-Powered-By: Express[\r][\n]"
02:27:59.397 [main] DEBUG karate.org.apache.http.wire - http-outgoing-1 << "Access-Control-Allow-Origin: *[\r][\n]"
02:27:59.397 [main] DEBUG karate.org.apache.http.wire - http-outgoing-1 << "Etag: W/"2-vyGp6PvFo4RvsFtPoIWeCReyIC8"[\r][\n]"
02:27:59.398 [main] DEBUG karate.org.apache.http.wire - http-outgoing-1 << "Via: 1.1 vegur[\r][\n]"
02:27:59.398 [main] DEBUG karate.org.apache.http.wire - http-outgoing-1 << "CF-Cache-Status: DYNAMIC[\r][\n]"
02:27:59.398 [main] DEBUG karate.org.apache.http.wire - http-outgoing-1 << "Server: cloudflare[\r][\n]"
02:27:59.398 [main] DEBUG karate.org.apache.http.wire - http-outgoing-1 << "CF-RAY: 83ad4e02eed311a9-MRS[\r][\n]"
02:27:59.398 [main] DEBUG karate.org.apache.http.wire - http-outgoing-1 << "[\r][\n]"
02:27:59.398 [main] DEBUG karate.org.apache.http.headers - http-outgoing-1 << HTTP/1.1 204 No Content
02:27:59.398 [main] DEBUG karate.org.apache.http.headers - http-outgoing-1 << Date: Mon, 25 Dec 2023 01:27:59 GMT
02:27:59.398 [main] DEBUG karate.org.apache.http.headers - http-outgoing-1 << Content-Length: 0
02:27:59.398 [main] DEBUG karate.org.apache.http.headers - http-outgoing-1 << Connection: keep-alive
02:27:59.398 [main] DEBUG karate.org.apache.http.headers - http-outgoing-1 << Report-To: {"group":"heroku-nel","max_age":3600,"endpoints":[{"url":"https://nel.heroku.com/reports?ts=1703467679&sid=c4c9725f-1ab0-44d8-820f-430df2718e11&s=Ri%2BTe7j%2Fv3WfcMdztygnt1mUGwVSbouBkqn8UGPDiTg%3D"}]}
02:27:59.398 [main] DEBUG karate.org.apache.http.headers - http-outgoing-1 << Reporting-Endpoints: heroku-nel=https://nel.heroku.com/reports?ts=1703467679&sid=c4c9725f-1ab0-44d8-820f-430df2718e11&s=Ri%2BTe7j%2Fv3WfcMdztygnt1mUGwVSbouBkqn8UGPDiTg%3D
02:27:59.398 [main] DEBUG karate.org.apache.http.headers - http-outgoing-1 << Nel: {"report_to":"heroku-nel","max_age":3600,"success_fraction":0.005,"failure_fraction":0.05,"response_headers":["Via"]}
02:27:59.399 [main] DEBUG karate.org.apache.http.headers - http-outgoing-1 << X-Powered-By: Express
02:27:59.399 [main] DEBUG karate.org.apache.http.headers - http-outgoing-1 << Access-Control-Allow-Origin: *
02:27:59.399 [main] DEBUG karate.org.apache.http.headers - http-outgoing-1 << Etag: W/"2-vyGp6PvFo4RvsFtPoIWeCReyIC8"
02:27:59.399 [main] DEBUG karate.org.apache.http.headers - http-outgoing-1 << Via: 1.1 vegur
02:27:59.399 [main] DEBUG karate.org.apache.http.headers - http-outgoing-1 << CF-Cache-Status: DYNAMIC
02:27:59.399 [main] DEBUG karate.org.apache.http.headers - http-outgoing-1 << Server: cloudflare
02:27:59.399 [main] DEBUG karate.org.apache.http.headers - http-outgoing-1 << CF-RAY: 83ad4e02eed311a9-MRS
02:27:59.400 [main] DEBUG karate.org.apache.http.impl.execchain.MainClientExec - Connection can be kept alive indefinitely
02:27:59.400 [main] DEBUG karate.org.apache.http.impl.conn.PoolingHttpClientConnectionManager - Connection [id: 1][route: {s}->https://reqres.in:443] can be kept alive indefinitely
02:27:59.400 [main] DEBUG karate.org.apache.http.impl.conn.DefaultManagedHttpClientConnection - http-outgoing-1: set socket timeout to 0
02:27:59.400 [main] DEBUG karate.org.apache.http.impl.conn.PoolingHttpClientConnectionManager - Connection released: [id: 1][route: {s}->https://reqres.in:443][total available: 1; route allocated: 1 of 5; total allocated: 1 of 10]
02:27:59.401 [main] DEBUG com.intuit.karate - response time in milliseconds: 186
1 < 204
1 < Date: Mon, 25 Dec 2023 01:27:59 GMT
1 < Content-Length: 0
1 < Connection: keep-alive
1 < Report-To: {"group":"heroku-nel","max_age":3600,"endpoints":[{"url":"https://nel.heroku.com/reports?ts=1703467679&sid=c4c9725f-1ab0-44d8-820f-430df2718e11&s=Ri%2BTe7j%2Fv3WfcMdztygnt1mUGwVSbouBkqn8UGPDiTg%3D"}]}
1 < Reporting-Endpoints: heroku-nel=https://nel.heroku.com/reports?ts=1703467679&sid=c4c9725f-1ab0-44d8-820f-430df2718e11&s=Ri%2BTe7j%2Fv3WfcMdztygnt1mUGwVSbouBkqn8UGPDiTg%3D
1 < Nel: {"report_to":"heroku-nel","max_age":3600,"success_fraction":0.005,"failure_fraction":0.05,"response_headers":["Via"]}
1 < X-Powered-By: Express
1 < Access-Control-Allow-Origin: *
1 < Etag: W/"2-vyGp6PvFo4RvsFtPoIWeCReyIC8"
1 < Via: 1.1 vegur
1 < CF-Cache-Status: DYNAMIC
1 < Server: cloudflare
1 < CF-RAY: 83ad4e02eed311a9-MRS

02:27:59.404 [main] INFO com.intuit.karate - [print]  
02:27:59.405 [main] INFO com.intuit.karate - [print] 204 
]]></system-out>
  </testcase>
  <testcase name="[1:3] Test a sample GET API" classname="[tests/firstTest] Sample API Tests" time="0.503">
    <system-out><![CDATA[02:27:59.415 [main] DEBUG karate.org.thymeleaf.TemplateEngine - [THYMELEAF] INITIALIZING TEMPLATE ENGINE
02:27:59.468 [main] DEBUG karate.org.thymeleaf.TemplateEngine.CONFIG - Initializing Thymeleaf Template engine configuration...
[THYMELEAF] TEMPLATE ENGINE CONFIGURATION:
[THYMELEAF] * Thymeleaf version: 3.0.12.RELEASE (built 2020-12-21T00:26:28+0000)
[THYMELEAF] * Cache Manager implementation: karate.org.thymeleaf.cache.StandardCacheManager
[THYMELEAF] * Template resolvers:
[THYMELEAF]     * [0] com.intuit.karate.template.ResourceHtmlTemplateResolver
[THYMELEAF] * Message resolvers:
[THYMELEAF]     * karate.org.thymeleaf.messageresolver.StandardMessageResolver
[THYMELEAF] * Link builders:
[THYMELEAF]     * karate.org.thymeleaf.linkbuilder.StandardLinkBuilder
[THYMELEAF] * Dialect [1 of 2]: Standard (com.intuit.karate.template.KarateStandardDialect)
[THYMELEAF]     * Prefix: "th"
[THYMELEAF]     * Processors for Template Mode: HTML
[THYMELEAF]         * Element Tag Processors by [matching element and attribute name] [precedence]:
[THYMELEAF]             * [* {th:include,data-th-include}] [100]: karate.org.thymeleaf.standard.processor.StandardIncludeTagProcessor
[THYMELEAF]             * [* {th:insert,data-th-insert}] [100]: karate.org.thymeleaf.standard.processor.StandardInsertTagProcessor
[THYMELEAF]             * [* {th:replace,data-th-replace}] [100]: karate.org.thymeleaf.standard.processor.StandardReplaceTagProcessor
[THYMELEAF]             * [* {th:substituteby,data-th-substituteby}] [100]: karate.org.thymeleaf.standard.processor.StandardSubstituteByTagProcessor
[THYMELEAF]             * [* {th:each,data-th-each}] [200]: com.intuit.karate.template.KarateEachTagProcessor
[THYMELEAF]             * [* {th:each,data-th-each}] [200]: com.intuit.karate.template.KarateEachTagProcessor
[THYMELEAF]             * [* {th:each,data-th-each}] [200]: com.intuit.karate.template.KarateEachTagProcessor
[THYMELEAF]             * [* {th:each,data-th-each}] [200]: com.intuit.karate.template.KarateEachTagProcessor
[THYMELEAF]             * [* {th:each,data-th-each}] [200]: com.intuit.karate.template.KarateEachTagProcessor
[THYMELEAF]             * [* {th:switch,data-th-switch}] [250]: karate.org.thymeleaf.standard.processor.StandardSwitchTagProcessor
[THYMELEAF]             * [* {th:case,data-th-case}] [275]: karate.org.thymeleaf.standard.processor.StandardCaseTagProcessor
[THYMELEAF]             * [* {th:if,data-th-if}] [300]: karate.org.thymeleaf.standard.processor.StandardIfTagProcessor
[THYMELEAF]             * [* {th:unless,data-th-unless}] [400]: karate.org.thymeleaf.standard.processor.StandardUnlessTagProcessor
[THYMELEAF]             * [* {th:object,data-th-object}] [500]: karate.org.thymeleaf.standard.processor.StandardObjectTagProcessor
[...]
02:28:03.593 [main] DEBUG karate.org.apache.http.wire - http-outgoing-14 << "[0xc7][0x96]q[\r][0xf6]7[0xb1][0xcf][0x82][0x84][0xa4][0xad][0xcd][0x9c]}[0xdf][0x9c]^[0xfc][0x88]7[0x4][0xee][0x9][0xe9]E[0xe3][0xd3];,[0xc9]o[0xe7]q[0xdf]k[0x5][0x99][0xd2][0x4][0x96][0x18]WS[0x3][0x6][0xb3]\[0x94][0x1b]A[0xf1][0x8e]s%[0xbb]0'Fw[0x92][0x97]*[0xb][0xdc]B[0xa2]f[0xa4][0x89][0x85][0xb7][0xeb][0x19][0xdd][0xa2]h/b|v[0xb][0xb]_[0xf9]t[0x84]0[0xc2] [0x11]j[0xca][0x2][0xa6][0xe6]R(d[0xee][0xcd][0xe3][0x7]"xX[0xfe][0xff].[0xc0]o][0xd6][0x96][0xf][0x85]![0xf3][0xc7]F[0xf9][0x19][0xcd]H[0xa8][0x1c][0xe6][0xdc][0x8e][0xcb][0xe3][0xb1][0xda][0x8][0x12][0xc5][0xc8][0x84][0xf0][0xbc]?[0xe8][0xc2][0xf5][0x9b]_[0x6][0xdd];[0x9][0xbc][0xfe]u[0x0][0xf]0[0xcb][0x9f][0xc0][0xb3][0xfe][0xcf][0xfd]A[0x1f][0xcc]4w[0xb5][0xc0][0x9f][0x16]r[0xc5][0xe8][0xff]%[0xd0][0x97]b[0x8e][0xb][0x13]([0xf9][0xc7][0xc6][0xf8][0xe4]a[0xf4][0x18]z[0xc6]j%[0xd3][0x8b][0x1e]e[0x17]#M[0xd4][0x8b](s[0xef]`9[0xb][0x98]$d[0xcc][0x9d][0xc4]qY^[0xb0][0xac]L[0x1d]W[0xcd]B>FS$[0x8b][0x2]9[0xb5][0xe6][0xcf][0x9][0xb5]Ui*(P[0xf2][0xdb][0xe3][0xdd][0xf0][0xce]}[0xd3]S[0xf4][0x95]U_[0xa3][0x9c]U5[0x18]~[0xed][0xab][0xb5][0x95][0x88]v[0x99][0x88]P[0x14]&[0xa8][0xb5][0x9a][0x1f]z[0xbb]v[0x1c][[0xf0][0x7][0x9][0xd7][0x89][0xa0][0xe2][0xf6]<[0xe0][0xe0]C[0xce][0xad])[0xf7][0xb6][0xbf][0xa2]}k[0xa4][0xde][0xa1]0[0xdc][0xfe][0x96]EbQ[0xfe][0xa2][0x1e]*[0xb9]*[0xe][0xcb][0x91]k[0xf0][0x8a][0xf2]1~[0xda][0xfc][0xec][0xfb][0x97][0xa7][0xfd][0x7][0xb9][0xc0][0xa4]hLc][0x14][0xee]\6K[0xe7],[0xf6]>[0xac][0xe5]~[0x98][0x98]z[0xd6][0x9a][0xa6][0xea][0x80][0x9f]z[0x91][0x8b][0xce]V[0xf1]Ye[0xd9][0x8e][0xa7]+B[0x91]Kw[0xb3]<<z[0xb8][0xcb]8R[0xca][0xee][0x15]e[0xb7][0x17][[0xbd][0xf1][0xba]~e[0xa8]o*[0xa5][0xfa][0xe6][0xce][0xd9]M[0xa9][0x86]<z[0x85][0x8c]`[0xa4][0xd6][0xd7][0x4]i[0x3]([0x19]02<[0x95]n4\[0xd4]g[0xc9][0xaa][0x8e]][0xf5][0xaa]C[0x92]c5g[0x82]B[0x9e]y[0x17]W$[0xe1][0xaf][0xc5][0xb0][0xb6][0x84][0xdd][0xbb]Wv}[0x13][0xed]:g[0xd5][0x1f][0xd7][0xe7]W[0xb5]mN[0x98][0x9c][0x98][0xb0][0xa8]"F[0x2]u[0xd9]=[0xe3][0x4]?E[0x82][0xf]M4Bc[0x13][0xc1][0x93][0x9b][0xe8]8<[\n]"
02:28:03.593 [main] DEBUG karate.org.apache.http.wire - http-outgoing-14 << "O7[0xe3][0xa2][0xb3][0x9a][0x98][0xda]&{[0xbb]=[0x8f]&e[0xa3][0xd4][0xc0]Z[0x0]RB[\r]Q[0x80][0xe1][0x96][0xc0]b[\n]"
02:28:03.593 [main] DEBUG karate.org.apache.http.wire - http-outgoing-14 << "[0xed][0xd4]b[0x1a]NL[0x7][0xd6]`[0xd5][0xa5]D[0xb1][0xb0]<1u8[0xc0][0xbd][0xc3]'[0xae]b[0xee][0x1][0x84][0x4][0xd3][0xa8][0x84]H~[0xbd][0xc][0x8e][0x1f]?<::;>z[0x1c][0x1c]7[0xf6]X[0xd0][0x4][0x96][0x95][0xc0]H[0xb8][0x86]@[0x1c][0x16][0xb6];[0xb5][0x8f][0x8b][0xad][0x1]6[0xa7]I[0xbb][0xe]W[[0xaf].[0xa1]3[0xd4]i[0x81][0xbb][0x98][0x1d]d[0xa6]2*[0x84][0xf9][0xe][0xc][0xdb][0xc2][0xd1]:[0xf7]jx[0x12]%G<upM[0xd5][0xfe][0xc3][0x88][0xcd]m`!/[0x90]B[0xd5][0x85][0xb4][0xb][0xba][0xb][0xd8][0x85][0xac][0xce]4[0xfe][0xce]/#[0xbd][0xe][0xf4][0x9b][0xe1][0x84][0x12][0xeb]; Q[0xef][0xb1]?i[0xf3]w[0xfa]=[0xc4][0xb5][0xa7][0xad] }[0xfe]\K[0xdb](V[0xa7]EU|[0xf8][0x11]bX[0xfe]([0xc2][0xd5]9[0xe8][0xf7][0xb5][0xff][0x1b] [0xc0]R[0xa6][0xc3][0x1][0x8f][0xe1]/[0x95]`[0xec]o[0x8f][0x10][0x83][0xd9][0x81][0x16]U[0xa7][0xd3][0x85]vVPj[0xa1]J[0xe5][0xa0][0xca]}i[0xb8][0xc6][0x10][0x8f]kh%[0x80][0x98][0xee]Q[0xb2]F,[0xb0][0x8][0xe1].[0x16][0xb8][0x8f][0xf0][0x96][0xe0][0xe0]~[0xe][0xaf][0xc0][0xc2]=[0xca][0x1a]<[0xdc][0xa7]l[0x1f][0xdb][0x0]W[0x19]R[0xde]T[0xeb]Q-[0xe0][0xeb][0xa7]XEUwS[0x1f][0xdb]~[0xe9][0xe6]e[0xe2]?ztvvv[0xf6][0xd8][0xe5]}[0x17]|[0x9c]Z[0xe5]w[0xf6]V[0x18][0x92][0xcc][0x91]sL[0xc9][0x1][0x83][0xff][0xdd][0x11][0xa9]=[0xf]#h[0xbb][0xdb][[0x8d][0xe0][0xc3][0xd0] [0xdc][0x8f]c[0xf0][0xa7][0x92][0xd1][0x88]Kb><xP[0xcc]7%[0xb1][0xa3][0x85][0xe]l7[0xe6][0xb8]_[0x82]H~s[0xb][0xe4]?[0xed]_[0xbd][0xb8]~t[0xfa][0xd3]![0x9e]u[0x85]q[0xbe][0xaa]0[0x82][0xa2][0xd7]R[0xfa][0xc0][0xaa][0xdf][0xf][0xd6][0xc0][0x16]uJ[0xe][0xc6]o[0xf1],[0xa7]$[0xc1][0xa1][0xa0][0xa0]6[0xba][0x95]U[0x94][0xe5][0x2]-[0x9d][0xc3]o[0xf7][0xf6][0xde][0xdd]V[0xcb][0x81]y[0xad][0x96][0xb7][0xc4][0xf3]J[\r][0x89][0x81]T*'Ws,w[0x8d][0xbd][0xf]C[0x81][0xf2][0xc6][0x83][0x2][0x9d]t+[0x13][0x95][0xe5]"
02:28:03.593 [main] DEBUG karate.org.apache.http.wire - http-outgoing-14 << "([0x17][0xad][0x16][0xfc][0xfb][0x9f][0xff][0x82]VkY%[0xb7]Z[U[0xc2][0x6][0x9c]j[0xb5][0x1c]2[0xe5]v*@[0xc3][0xd8][0x1b]br[0x93]j5[0x95],H[0x94]P[0xfa][0x1c]Z[0xad][0xcd][0xdc]S7U[0x15][0xb5][0xdd][0x9a][0x95]z[0x6][0xdb][0xc0][0xef]E[0xab][0xb5]5l[0xb5][0xe]TT[0xab][0xe5][0x89][0xc5][0xaf]S[0xe7][0x9][0xac]i[0xae]xX+[0xd9]j%([0xc4]@]&[0xf5]{oW/[0xbf]5[0x87][0xeb]K-e[0xff][0xe6][0xfa][0xb2]{[0xcb]4[0x1d][0xb3]^TB[0x9c][0xbd][0xa8][0xf8]W[0xd8][0x0][0x0][0x0][0xff][0xff][\r][\n]"
02:28:03.593 [main] DEBUG karate.org.apache.http.wire - http-outgoing-14 << "b[\r][\n]"
02:28:03.593 [main] DEBUG karate.org.apache.http.wire - http-outgoing-14 << "[0xe3][0x2][0x0]F[0xdf]X[0xd6][0x1b][0x1b][0x0][0x0][\r][\n]"
02:28:03.595 [main] DEBUG com.intuit.karate - response time in milliseconds: 160
1 < 404
1 < Date: Mon, 25 Dec 2023 01:28:03 GMT
1 < Content-Type: text/html; charset=utf-8
1 < Transfer-Encoding: chunked
1 < Connection: keep-alive
1 < Report-To: {"group":"heroku-nel","max_age":3600,"endpoints":[{"url":"https://nel.heroku.com/reports?ts=1703467683&sid=c4c9725f-1ab0-44d8-820f-430df2718e11&s=NjeMIb44%2FCHb97dOMV%2Bd%2Bezlldupy%2Beu8GShP5zqDJ0%3D"}]}
1 < Reporting-Endpoints: heroku-nel=https://nel.heroku.com/reports?ts=1703467683&sid=c4c9725f-1ab0-44d8-820f-430df2718e11&s=NjeMIb44%2FCHb97dOMV%2Bd%2Bezlldupy%2Beu8GShP5zqDJ0%3D
1 < Nel: {"report_to":"heroku-nel","max_age":3600,"success_fraction":0.005,"failure_fraction":0.05,"response_headers":["Via"]}
1 < X-Powered-By: Express
1 < Access-Control-Allow-Origin: *
1 < Via: 1.1 vegur
1 < CF-Cache-Status: DYNAMIC
1 < Vary: Accept-Encoding
1 < Server: cloudflare
1 < CF-RAY: 83ad4e1d2e510776-MRS
<!DOCTYPE html>
<html lang="en">
    <head>
        <!-- Google Tag Manager -->
        <script>
            ;(function (w, d, s, l, i) {
                w[l] = w[l] || []
                w[l].push({
                    'gtm.start': new Date().getTime(),
                    event: 'gtm.js',
                })
                var f = d.getElementsByTagName(s)[0],
                    j = d.createElement(s),
                    dl = l != 'dataLayer' ? '&l=' + l : ''
                j.async = true
                j.src = 'https://www.googletagmanager.com/gtm.js?id=' + i + dl
                f.parentNode.insertBefore(j, f)
            })(window, document, 'script', 'dataLayer', 'GTM-KB622KF')
        </script>
        <!-- End Google Tag Manager -->
        <script src="https://js.stripe.com/v3/"></script>
        <meta charset="utf-8" />
        <meta
            name="viewport"
            content="width=device-width, initial-scale=1.0, maximum-scale=1.0"
        />
        <meta
            name="description"
            content="A hosted REST-API ready to respond to your AJAX requests"
        />
        <title>
            Reqres - A hosted REST-API ready to respond to your AJAX requests
        </title>
        <link
            href="//maxcdn.bootstrapcdn.com/font-awesome/4.2.0/css/font-awesome.min.css"
            rel="stylesheet"
        />

        <link rel="stylesheet" href="/css/app.css" />
        <script
            type="text/javascript"
            src="//m.servedby-buysellads.com/monetization.custom.js"
        ></script>
    </head>
    <body>
        <div class="header-content">
            <header class="main-header">
                <section class="wrap">
                    <h1 class="logo">
                        <a href="/"><img src="/img/logo.png" alt="" /></a>
                    </h1>
                </section>
            </header>
            <main class="the-sell">
                <div class="wrap">
                    <h2 class="tagline">
                        Test your front-end against a real API
                    </h2>
                    <section class="key-sells">
                        <div class="sell">
                            <div class="v-center">
                                <h3>Fake data</h3>
                                <p>
                                    No more tedious sample data creation, we've
                                    got it covered.
                                </p>
                            </div>
                            <i class="fa fa-cloud-download"></i>
                        </div>
                        <div class="sell">
                            <div class="v-center">
                                <h3>Real responses</h3>
                                <p>
                                    Develop with real response codes. GET, POST,
                                    PUT &amp; DELETE supported.
                                </p>
                            </div>
                            <i class="fa fa-code"></i>
                        </div>
                        <div class="sell">
                            <div class="v-center">
                                <h3>Always-on</h3>
                                <p>
                                    24/7 <strong><em>free</em></strong> access
                                    in your development phases. Go nuts.
                                </p>
                            </div>
                            <i class="fa fa-toggle-on"></i>
                        </div>
                    </section>
                    <h2 class="tagline">
                        A hosted REST-API ready to respond to your AJAX
                        requests.
                    </h2>
                    <div class="t-center main-arrow">
                        <i class="fa fa-arrow-circle-down"></i>
                    </div>
                    <script
                        async
                        type="text/javascript"
                        src="//cdn.carbonads.com/carbon.js?serve=CE7D6K3E&placement=reqresin"
                        id="_carbonads_js"
                    ></script>
                </div>
            </main>
        </div>
        <div class="container">404</div>
        <footer>
            <div class="wrap">
                <hr class="dark" />
                <p class="t-center">
                    Made for developers and designers by
                    <a href="https://benhowdle.im">Ben Howdle</a>
                </p>
            </div>
        </footer>
        <script type="text/javascript" src="https://cdnjs.cloudflare.com/ajax/libs/fastclick/1.0.3/fastclick.min.js"></script>
        <script src="/js/app.js"></script>
        <!-- Global site tag (gtag.js) - Google Analytics -->
        <script
            async
            src="https://www.googletagmanager.com/gtag/js?id=UA-174008107-1"
        ></script>
        <script>
            window.dataLayer = window.dataLayer || []
            function gtag() {
                dataLayer.push(arguments)
            }
            gtag('js', new Date())

            gtag('config', 'UA-174008107-1')
        </script>
        <script>
            ;(function (i, s, o, g, r, a, m) {
                i['GoogleAnalyticsObject'] = r
                ;(i[r] =
                    i[r] ||
                    function () {
                        ;(i[r].q = i[r].q || []).push(arguments)
                    }),
                    (i[r].l = 1 * new Date())
                ;(a = s.createElement(o)), (m = s.getElementsByTagName(o)[0])
                a.async = 1
                a.src = g
                m.parentNode.insertBefore(a, m)
            })(
                window,
                document,
                'script',
                '//www.google-analytics.com/analytics.js',
                'ga'
            )

            ga('create', 'UA-55888877-1', 'auto')
            ga('send', 'pageview')
        </script>
        <script>
            ;(function () {
                if (typeof _bsa !== 'undefined' && _bsa) {
                    _bsa.init(
                        'custom',
                        'CEBIP53J',
                        'placement:reqresin-sponsor',
                        {
                            target: '#impeccable-js',
                            template: `
        <a href="##link##" rel="sponsored noopener" target="_blank" title="##company## — ##tagline##">
        <img src="##logo##" style="background-color: ##backgroundColor##">
        <div class="sponsor-description">##description##</div>
        <div class="sponsor-cta" style="background-color: ##backgroundColor##; color: ##textColor##">##callToAction##</div>
        </a>
        `,
                        }
                    )
                }
            })()
        </script>
    </body>
</html>

02:28:03.600 [main] INFO com.intuit.karate - [print] <!DOCTYPE html>
<html lang="en">
    <head>
        <!-- Google Tag Manager -->
        <script>
            ;(function (w, d, s, l, i) {
                w[l] = w[l] || []
                w[l].push({
                    'gtm.start': new Date().getTime(),
                    event: 'gtm.js',
                })
                var f = d.getElementsByTagName(s)[0],
                    j = d.createElement(s),
                    dl = l != 'dataLayer' ? '&l=' + l : ''
                j.async = true
                j.src = 'https://www.googletagmanager.com/gtm.js?id=' + i + dl
                f.parentNode.insertBefore(j, f)
            })(window, document, 'script', 'dataLayer', 'GTM-KB622KF')
        </script>
        <!-- End Google Tag Manager -->
        <script src="https://js.stripe.com/v3/"></script>
        <meta charset="utf-8" />
        <meta
            name="viewport"
            content="width=device-width, initial-scale=1.0, maximum-scale=1.0"
        />
        <meta
            name="description"
            content="A hosted REST-API ready to respond to your AJAX requests"
        />
        <title>
            Reqres - A hosted REST-API ready to respond to your AJAX requests
        </title>
        <link
            href="//maxcdn.bootstrapcdn.com/font-awesome/4.2.0/css/font-awesome.min.css"
            rel="stylesheet"
        />

        <link rel="stylesheet" href="/css/app.css" />
        <script
            type="text/javascript"
            src="//m.servedby-buysellads.com/monetization.custom.js"
        ></script>
    </head>
    <body>
        <div class="header-content">
            <header class="main-header">
                <section class="wrap">
                    <h1 class="logo">
                        <a href="/"><img src="/img/logo.png" alt="" /></a>
                    </h1>
                </section>
            </header>
            <main class="the-sell">
                <div class="wrap">
                    <h2 class="tagline">
                        Test your front-end against a real API
                    </h2>
                    <section class="key-sells">
                        <div class="sell">
                            <div class="v-center">
                                <h3>Fake data</h3>
                                <p>
                                    No more tedious sample data creation, we've
                                    got it covered.
                                </p>
                            </div>
                            <i class="fa fa-cloud-download"></i>
                        </div>
                        <div class="sell">
                            <div class="v-center">
                                <h3>Real responses</h3>
                                <p>
                                    Develop with real response codes. GET, POST,
                                    PUT &amp; DELETE supported.
                                </p>
                            </div>
                            <i class="fa fa-code"></i>
                        </div>
                        <div class="sell">
                            <div class="v-center">
                                <h3>Always-on</h3>
                                <p>
                                    24/7 <strong><em>free</em></strong> access
                                    in your development phases. Go nuts.
                                </p>
                            </div>
                            <i class="fa fa-toggle-on"></i>
                        </div>
                    </section>
                    <h2 class="tagline">
                        A hosted REST-API ready to respond to your AJAX
                        requests.
                    </h2>
                    <div class="t-center main-arrow">
                        <i class="fa fa-arrow-circle-down"></i>
                    </div>
                    <script
                        async
                        type="text/javascript"
                        src="//cdn.carbonads.com/carbon.js?serve=CE7D6K3E&placement=reqresin"
                        id="_carbonads_js"
                    ></script>
                </div>
            </main>
        </div>
        <div class="container">404</div>
        <footer>
            <div class="wrap">
                <hr class="dark" />
                <p class="t-center">
                    Made for developers and designers by
                    <a href="https://benhowdle.im">Ben Howdle</a>
                </p>
            </div>
        </footer>
        <script type="text/javascript" src="https://cdnjs.cloudflare.com/ajax/libs/fastclick/1.0.3/fastclick.min.js"></script>
        <script src="/js/app.js"></script>
        <!-- Global site tag (gtag.js) - Google Analytics -->
        <script
            async
            src="https://www.googletagmanager.com/gtag/js?id=UA-174008107-1"
        ></script>
        <script>
            window.dataLayer = window.dataLayer || []
            function gtag() {
                dataLayer.push(arguments)
            }
            gtag('js', new Date())

            gtag('config', 'UA-174008107-1')
        </script>
        <script>
            ;(function (i, s, o, g, r, a, m) {
                i['GoogleAnalyticsObject'] = r
                ;(i[r] =
                    i[r] ||
                    function () {
                        ;(i[r].q = i[r].q || []).push(arguments)
                    }),
                    (i[r].l = 1 * new Date())
                ;(a = s.createElement(o)), (m = s.getElementsByTagName(o)[0])
                a.async = 1
                a.src = g
                m.parentNode.insertBefore(a, m)
            })(
                window,
                document,
                'script',
                '//www.google-analytics.com/analytics.js',
                'ga'
            )

            ga('create', 'UA-55888877-1', 'auto')
            ga('send', 'pageview')
        </script>
        <script>
            ;(function () {
                if (typeof _bsa !== 'undefined' && _bsa) {
                    _bsa.init(
                        'custom',
                        'CEBIP53J',
                        'placement:reqresin-sponsor',
                        {
                            target: '#impeccable-js',
                            template: `
        <a href="##link##" rel="sponsored noopener" target="_blank" title="##company## — ##tagline##">
        <img src="##logo##" style="background-color: ##backgroundColor##">
        <div class="sponsor-description">##description##</div>
        <div class="sponsor-cta" style="background-color: ##backgroundColor##; color: ##textColor##">##callToAction##</div>
        </a>
        `,
                        }
                    )
                }
            })()
        </script>
    </body>
</html>
 
]]></system-out>
  </testcase>
</testsuite>